travis_fold:start:worker_info[0K[33;1mWorker information[0m
hostname: a4aaa113-4c3b-4764-85a9-525db55a04e7@1.production-1-worker-org-gce-zslt
version: v6.1.0 https://github.com/travis-ci/worker/tree/a6071dd64658ecf13ec3190bfb9e9ca3c8f3e10d
instance: travis-job-3f8936b0-0f3f-4360-89ab-c2007ca830cc travis-ci-garnet-trusty-1512502259-986baf0 (via amqp)
startup: 6.260407805s
travis_fold:end:worker_info[0Ktravis_fold:start:system_info[0K[33;1mBuild system information[0m
Build language: node_js
Build group: stable
Build dist: trusty
Build id: 476598534
Job id: 476598537
Runtime kernel version: 4.4.0-101-generic
travis-build version: 68abbae36
[34m[1mBuild image provisioning date and time[0m
Tue Dec  5 19:58:13 UTC 2017
[34m[1mOperating System Details[0m
Distributor ID:	Ubuntu
Description:	Ubuntu 14.04.5 LTS
Release:	14.04
Codename:	trusty
[34m[1mCookbooks Version[0m
7c2c6a6 https://github.com/travis-ci/travis-cookbooks/tree/7c2c6a6
[34m[1mgit version[0m
git version 2.15.1
[34m[1mbash version[0m
GNU bash, version 4.3.11(1)-release (x86_64-pc-linux-gnu)
[34m[1mgcc version[0m
gcc (Ubuntu 4.8.4-2ubuntu1~14.04.3) 4.8.4
Copyright (C) 2013 Free Software Foundation, Inc.
This is free software; see the source for copying conditions.  There is NO
warranty; not even for MERCHANTABILITY or FITNESS FOR A PARTICULAR PURPOSE.

[34m[1mdocker version[0m
Client:
 Version:      17.09.0-ce
 API version:  1.32
 Go version:   go1.8.3
 Git commit:   afdb6d4
 Built:        Tue Sep 26 22:42:38 2017
 OS/Arch:      linux/amd64

Server:
 Version:      17.09.0-ce
 API version:  1.32 (minimum version 1.12)
 Go version:   go1.8.3
 Git commit:   afdb6d4
 Built:        Tue Sep 26 22:41:20 2017
 OS/Arch:      linux/amd64
 Experimental: false
[34m[1mclang version[0m
clang version 5.0.0 (tags/RELEASE_500/final)
Target: x86_64-unknown-linux-gnu
Thread model: posix
InstalledDir: /usr/local/clang-5.0.0/bin
[34m[1mjq version[0m
jq-1.5
[34m[1mbats version[0m
Bats 0.4.0
[34m[1mshellcheck version[0m
0.4.6
[34m[1mshfmt version[0m
v2.0.0
[34m[1mccache version[0m
ccache version 3.1.9

Copyright (C) 2002-2007 Andrew Tridgell
Copyright (C) 2009-2011 Joel Rosdahl

This program is free software; you can redistribute it and/or modify it under
the terms of the GNU General Public License as published by the Free Software
Foundation; either version 3 of the License, or (at your option) any later
version.
[34m[1mcmake version[0m
cmake version 3.9.2

CMake suite maintained and supported by Kitware (kitware.com/cmake).
[34m[1mheroku version[0m
heroku-cli/6.14.39-addc925 (linux-x64) node-v9.2.0
[34m[1mimagemagick version[0m
Version: ImageMagick 6.7.7-10 2017-07-31 Q16 http://www.imagemagick.org
[34m[1mmd5deep version[0m
4.2
[34m[1mmercurial version[0m
Mercurial Distributed SCM (version 4.2.2)
(see https://mercurial-scm.org for more information)

Copyright (C) 2005-2017 Matt Mackall and others
This is free software; see the source for copying conditions. There is NO
warranty; not even for MERCHANTABILITY or FITNESS FOR A PARTICULAR PURPOSE.
[34m[1mmysql version[0m
mysql  Ver 14.14 Distrib 5.6.33, for debian-linux-gnu (x86_64) using  EditLine wrapper
[34m[1mopenssl version[0m
OpenSSL 1.0.1f 6 Jan 2014
[34m[1mpacker version[0m
Packer v1.0.2

Your version of Packer is out of date! The latest version
is 1.1.2. You can update by downloading from www.packer.io
[34m[1mpostgresql client version[0m
psql (PostgreSQL) 9.6.6
[34m[1mragel version[0m
Ragel State Machine Compiler version 6.8 Feb 2013
Copyright (c) 2001-2009 by Adrian Thurston
[34m[1msubversion version[0m
svn, version 1.8.8 (r1568071)
   compiled Aug 10 2017, 17:20:39 on x86_64-pc-linux-gnu

Copyright (C) 2013 The Apache Software Foundation.
This software consists of contributions made by many people;
see the NOTICE file for more information.
Subversion is open source software, see http://subversion.apache.org/

The following repository access (RA) modules are available:

* ra_svn : Module for accessing a repository using the svn network protocol.
  - with Cyrus SASL authentication
  - handles 'svn' scheme
* ra_local : Module for accessing a repository on local disk.
  - handles 'file' scheme
* ra_serf : Module for accessing a repository via WebDAV protocol using serf.
  - using serf 1.3.3
  - handles 'http' scheme
  - handles 'https' scheme

[34m[1msudo version[0m
Sudo version 1.8.9p5
Configure options: --prefix=/usr -v --with-all-insults --with-pam --with-fqdn --with-logging=syslog --with-logfac=authpriv --with-env-editor --with-editor=/usr/bin/editor --with-timeout=15 --with-password-timeout=0 --with-passprompt=[sudo] password for %p:  --without-lecture --with-tty-tickets --disable-root-mailer --enable-admin-flag --with-sendmail=/usr/sbin/sendmail --with-timedir=/var/lib/sudo --mandir=/usr/share/man --libexecdir=/usr/lib/sudo --with-sssd --with-sssd-lib=/usr/lib/x86_64-linux-gnu --with-selinux
Sudoers policy plugin version 1.8.9p5
Sudoers file grammar version 43

Sudoers path: /etc/sudoers
Authentication methods: 'pam'
Syslog facility if syslog is being used for logging: authpriv
Syslog priority to use when user authenticates successfully: notice
Syslog priority to use when user authenticates unsuccessfully: alert
Send mail if the user is not in sudoers
Use a separate timestamp for each user/tty combo
Lecture user the first time they run sudo
Root may run sudo
Allow some information gathering to give useful error messages
Require fully-qualified hostnames in the sudoers file
Visudo will honor the EDITOR environment variable
Set the LOGNAME and USER environment variables
Length at which to wrap log file lines (0 for no wrap): 80
Authentication timestamp timeout: 15.0 minutes
Password prompt timeout: 0.0 minutes
Number of tries to enter a password: 3
Umask to use or 0777 to use user's: 022
Path to mail program: /usr/sbin/sendmail
Flags for mail program: -t
Address to send mail to: root
Subject line for mail messages: *** SECURITY information for %h ***
Incorrect password message: Sorry, try again.
Path to authentication timestamp dir: /var/lib/sudo
Default password prompt: [sudo] password for %p: 
Default user to run commands as: root
Value to override user's $PATH with: /usr/local/sbin:/usr/local/bin:/usr/sbin:/usr/bin:/sbin:/bin:/snap/bin
Path to the editor for use by visudo: /usr/bin/editor
When to require a password for 'list' pseudocommand: any
When to require a password for 'verify' pseudocommand: all
File descriptors >= 3 will be closed before executing a command
Environment variables to check for sanity:
	TZ
	TERM
	LINGUAS
	LC_*
	LANGUAGE
	LANG
	COLORTERM
Environment variables to remove:
	RUBYOPT
	RUBYLIB
	PYTHONUSERBASE
	PYTHONINSPECT
	PYTHONPATH
	PYTHONHOME
	TMPPREFIX
	ZDOTDIR
	READNULLCMD
	NULLCMD
	FPATH
	PERL5DB
	PERL5OPT
	PERL5LIB
	PERLLIB
	PERLIO_DEBUG 
	JAVA_TOOL_OPTIONS
	SHELLOPTS
	GLOBIGNORE
	PS4
	BASH_ENV
	ENV
	TERMCAP
	TERMPATH
	TERMINFO_DIRS
	TERMINFO
	_RLD*
	LD_*
	PATH_LOCALE
	NLSPATH
	HOSTALIASES
	RES_OPTIONS
	LOCALDOMAIN
	CDPATH
	IFS
Environment variables to preserve:
	JAVA_HOME
	TRAVIS
	CI
	DEBIAN_FRONTEND
	XAUTHORIZATION
	XAUTHORITY
	PS2
	PS1
	PATH
	LS_COLORS
	KRB5CCNAME
	HOSTNAME
	HOME
	DISPLAY
	COLORS
Locale to use while parsing sudoers: C
Directory in which to store input/output logs: /var/log/sudo-io
File in which to store the input/output log: %{seq}
Add an entry to the utmp/utmpx file when allocating a pty
PAM service name to use
PAM service name to use for login shells
Create a new PAM session for the command to run in
Maximum I/O log sequence number: 0

Local IP address and netmask pairs:
	10.240.0.28/255.255.255.255
	172.17.0.1/255.255.0.0

Sudoers I/O plugin version 1.8.9p5
[34m[1mgzip version[0m
gzip 1.6
Copyright (C) 2007, 2010, 2011 Free Software Foundation, Inc.
Copyright (C) 1993 Jean-loup Gailly.
This is free software.  You may redistribute copies of it under the terms of
the GNU General Public License <http://www.gnu.org/licenses/gpl.html>.
There is NO WARRANTY, to the extent permitted by law.

Written by Jean-loup Gailly.
[34m[1mzip version[0m
Copyright (c) 1990-2008 Info-ZIP - Type 'zip "-L"' for software license.
This is Zip 3.0 (July 5th 2008), by Info-ZIP.
Currently maintained by E. Gordon.  Please send bug reports to
the authors using the web page at www.info-zip.org; see README for details.

Latest sources and executables are at ftp://ftp.info-zip.org/pub/infozip,
as of above date; see http://www.info-zip.org/ for other sites.

Compiled with gcc 4.8.2 for Unix (Linux ELF) on Oct 21 2013.

Zip special compilation options:
	USE_EF_UT_TIME       (store Universal Time)
	BZIP2_SUPPORT        (bzip2 library version 1.0.6, 6-Sept-2010)
	    bzip2 code and library copyright (c) Julian R Seward
	    (See the bzip2 license for terms of use)
	SYMLINK_SUPPORT      (symbolic links supported)
	LARGE_FILE_SUPPORT   (can read and write large files on file system)
	ZIP64_SUPPORT        (use Zip64 to store large files in archives)
	UNICODE_SUPPORT      (store and read UTF-8 Unicode paths)
	STORE_UNIX_UIDs_GIDs (store UID/GID sizes/values using new extra field)
	UIDGID_NOT_16BIT     (old Unix 16-bit UID/GID extra field not used)
	[encryption, version 2.91 of 05 Jan 2007] (modified for Zip 3)

Encryption notice:
	The encryption code of this program is not copyrighted and is
	put in the public domain.  It was originally written in Europe
	and, to the best of our knowledge, can be freely distributed
	in both source and object forms from any country, including
	the USA under License Exception TSU of the U.S. Export
	Administration Regulations (section 740.13(e)) of 6 June 2002.

Zip environment options:
             ZIP:  [none]
          ZIPOPT:  [none]
[34m[1mvim version[0m
VIM - Vi IMproved 7.4 (2013 Aug 10, compiled Nov 24 2016 16:43:18)
Included patches: 1-52
Extra patches: 8.0.0056
Modified by pkg-vim-maintainers@lists.alioth.debian.org
Compiled by buildd@
Huge version without GUI.  Features included (+) or not (-):
+acl             +farsi           +mouse_netterm   +syntax
+arabic          +file_in_path    +mouse_sgr       +tag_binary
+autocmd         +find_in_path    -mouse_sysmouse  +tag_old_static
-balloon_eval    +float           +mouse_urxvt     -tag_any_white
-browse          +folding         +mouse_xterm     -tcl
++builtin_terms  -footer          +multi_byte      +terminfo
+byte_offset     +fork()          +multi_lang      +termresponse
+cindent         +gettext         -mzscheme        +textobjects
-clientserver    -hangul_input    +netbeans_intg   +title
-clipboard       +iconv           +path_extra      -toolbar
+cmdline_compl   +insert_expand   -perl            +user_commands
+cmdline_hist    +jumplist        +persistent_undo +vertsplit
+cmdline_info    +keymap          +postscript      +virtualedit
+comments        +langmap         +printer         +visual
+conceal         +libcall         +profile         +visualextra
+cryptv          +linebreak       +python          +viminfo
+cscope          +lispindent      -python3         +vreplace
+cursorbind      +listcmds        +quickfix        +wildignore
+cursorshape     +localmap        +reltime         +wildmenu
+dialog_con      -lua             +rightleft       +windows
+diff            +menu            -ruby            +writebackup
+digraphs        +mksession       +scrollbind      -X11
-dnd             +modify_fname    +signs           -xfontset
-ebcdic          +mouse           +smartindent     -xim
+emacs_tags      -mouseshape      -sniff           -xsmp
+eval            +mouse_dec       +startuptime     -xterm_clipboard
+ex_extra        +mouse_gpm       +statusline      -xterm_save
+extra_search    -mouse_jsbterm   -sun_workshop    -xpm
   system vimrc file: "$VIM/vimrc"
     user vimrc file: "$HOME/.vimrc"
 2nd user vimrc file: "~/.vim/vimrc"
      user exrc file: "$HOME/.exrc"
  fall-back for $VIM: "/usr/share/vim"
Compilation: gcc -c -I. -Iproto -DHAVE_CONFIG_H     -g -O2 -fstack-protector --param=ssp-buffer-size=4 -Wformat -Werror=format-security -U_FORTIFY_SOURCE -D_FORTIFY_SOURCE=1      
Linking: gcc   -Wl,-Bsymbolic-functions -Wl,-z,relro -Wl,--as-needed -o vim        -lm -ltinfo -lnsl  -lselinux  -lacl -lattr -lgpm -ldl    -L/usr/lib/python2.7/config-x86_64-linux-gnu -lpython2.7 -lpthread -ldl -lutil -lm -Xlinker -export-dynamic -Wl,-O1 -Wl,-Bsymbolic-functions      
[34m[1miptables version[0m
iptables v1.4.21
[34m[1mcurl version[0m
curl 7.35.0 (x86_64-pc-linux-gnu) libcurl/7.35.0 OpenSSL/1.0.1f zlib/1.2.8 libidn/1.28 librtmp/2.3
[34m[1mwget version[0m
GNU Wget 1.15 built on linux-gnu.
[34m[1mrsync version[0m
rsync  version 3.1.0  protocol version 31
[34m[1mgimme version[0m
v1.2.0
[34m[1mnvm version[0m
0.33.6
[34m[1mperlbrew version[0m
/home/travis/perl5/perlbrew/bin/perlbrew  - App::perlbrew/0.80
[34m[1mphpenv version[0m
rbenv 1.1.1-25-g6aa70b6
[34m[1mrvm version[0m
rvm 1.29.3 (latest) by Michal Papis, Piotr Kuczynski, Wayne E. Seguin [https://rvm.io]
[34m[1mdefault ruby version[0m
ruby 2.4.1p111 (2017-03-22 revision 58053) [x86_64-linux]
[34m[1mCouchDB version[0m
couchdb 1.6.1
[34m[1mElasticSearch version[0m
5.5.0
[34m[1mInstalled Firefox version[0m
firefox 56.0.2
[34m[1mMongoDB version[0m
MongoDB 3.4.10
[34m[1mPhantomJS version[0m
2.1.1
[34m[1mPre-installed PostgreSQL versions[0m
9.2.24
9.3.20
9.4.15
9.5.10
9.6.6
[34m[1mRabbitMQ Version[0m
3.6.14
[34m[1mRedis version[0m
redis-server 4.0.6
[34m[1mriak version[0m
2.2.3
[34m[1mPre-installed Go versions[0m
1.7.4
[34m[1mant version[0m
Apache Ant(TM) version 1.9.3 compiled on April 8 2014
[34m[1mmvn version[0m
Apache Maven 3.5.2 (138edd61fd100ec658bfa2d307c43b76940a5d7d; 2017-10-18T07:58:13Z)
Maven home: /usr/local/maven-3.5.2
Java version: 1.8.0_151, vendor: Oracle Corporation
Java home: /usr/lib/jvm/java-8-oracle/jre
Default locale: en_US, platform encoding: UTF-8
OS name: "linux", version: "4.4.0-98-generic", arch: "amd64", family: "unix"
[34m[1mgradle version[0m

------------------------------------------------------------
Gradle 4.0.1
------------------------------------------------------------

Build time:   2017-07-07 14:02:41 UTC
Revision:     38e5dc0f772daecca1d2681885d3d85414eb6826

Groovy:       2.4.11
Ant:          Apache Ant(TM) version 1.9.6 compiled on June 29 2015
JVM:          1.8.0_151 (Oracle Corporation 25.151-b12)
OS:           Linux 4.4.0-98-generic amd64

[34m[1mlein version[0m
Leiningen 2.8.1 on Java 1.8.0_151 Java HotSpot(TM) 64-Bit Server VM
[34m[1mPre-installed Node.js versions[0m
v4.8.6
v6.12.0
v6.12.1
v8.9
v8.9.1
[34m[1mphpenv versions[0m
  system
  5.6
* 5.6.32 (set by /home/travis/.phpenv/version)
  7.0
  7.0.25
  7.1
  7.1.11
  hhvm
  hhvm-stable
[34m[1mcomposer --version[0m
Composer version 1.5.2 2017-09-11 16:59:25
[34m[1mPre-installed Ruby versions[0m
ruby-2.2.7
ruby-2.3.4
ruby-2.4.1
travis_fold:end:system_info[0K
travis_fold:start:apt[0K[33;1mAdding APT Sources[0m
travis_time:start:038c620e[0K$ sudo -E apt-add-repository -y "ppa:ubuntu-toolchain-r/test"
gpg: keyring `/tmp/tmp8ctx9c4w/secring.gpg' created
gpg: keyring `/tmp/tmp8ctx9c4w/pubring.gpg' created
gpg: requesting key BA9EF27F from hkp server keyserver.ubuntu.com
gpg: /tmp/tmp8ctx9c4w/trustdb.gpg: trustdb created
gpg: key BA9EF27F: public key "Launchpad Toolchain builds" imported
gpg: Total number processed: 1
gpg:               imported: 1  (RSA: 1)
OK
travis_time:end:038c620e:start=1546902037992143812,finish=1546902039471197958,duration=1479054146[0K[33;1mInstalling APT Packages[0m
travis_time:start:059ee715[0K$ travis_apt_get_update
travis_time:end:059ee715:start=1546902039474595128,finish=1546902048446111871,duration=8971516743[0Ktravis_time:start:33fa0cdc[0K$ sudo -E apt-get -yq --no-install-suggests --no-install-recommends $(travis_apt_get_options) install g++-4.8
Reading package lists...
Building dependency tree...
Reading state information...
The following additional packages will be installed:
  cpp-4.8 gcc-4.8 gcc-4.8-base gcc-8-base libasan0 libatomic1 libgcc-4.8-dev
  libgomp1 libisl15 libitm1 libmpfr4 libquadmath0 libstdc++-4.8-dev libstdc++6
  libtsan0
Suggested packages:
  gcc-4.8-locales g++-4.8-multilib gcc-4.8-doc libstdc++6-4.8-dbg
  gcc-4.8-multilib libgcc1-dbg libgomp1-dbg libitm1-dbg libatomic1-dbg
  libasan0-dbg libtsan0-dbg libquadmath0-dbg libstdc++-4.8-doc
The following NEW packages will be installed:
  gcc-8-base libisl15
The following packages will be upgraded:
  cpp-4.8 g++-4.8 gcc-4.8 gcc-4.8-base libasan0 libatomic1 libgcc-4.8-dev
  libgomp1 libitm1 libmpfr4 libquadmath0 libstdc++-4.8-dev libstdc++6 libtsan0
14 upgraded, 2 newly installed, 0 to remove and 272 not upgraded.
Need to get 32.2 MB of archives.
After this operation, 3,029 kB of additional disk space will be used.
Get:1 http://ppa.launchpad.net/ubuntu-toolchain-r/test/ubuntu trusty/main amd64 gcc-8-base amd64 8.1.0-5ubuntu1~14.04 [18.3 kB]
Get:2 http://ppa.launchpad.net/ubuntu-toolchain-r/test/ubuntu trusty/main amd64 libstdc++6 amd64 8.1.0-5ubuntu1~14.04 [310 kB]
Get:3 http://ppa.launchpad.net/ubuntu-toolchain-r/test/ubuntu trusty/main amd64 libatomic1 amd64 8.1.0-5ubuntu1~14.04 [9,082 B]
Get:4 http://ppa.launchpad.net/ubuntu-toolchain-r/test/ubuntu trusty/main amd64 libitm1 amd64 8.1.0-5ubuntu1~14.04 [27.9 kB]
Get:5 http://ppa.launchpad.net/ubuntu-toolchain-r/test/ubuntu trusty/main amd64 libgomp1 amd64 8.1.0-5ubuntu1~14.04 [75.9 kB]
Get:6 http://ppa.launchpad.net/ubuntu-toolchain-r/test/ubuntu trusty/main amd64 libisl15 amd64 0.15-3~14.04 [507 kB]
Get:7 http://ppa.launchpad.net/ubuntu-toolchain-r/test/ubuntu trusty/main amd64 libmpfr4 amd64 3.1.3-1~14.04 [178 kB]
Get:8 http://ppa.launchpad.net/ubuntu-toolchain-r/test/ubuntu trusty/main amd64 g++-4.8 amd64 4.8.5-4ubuntu8~14.04.2 [18.2 MB]
Get:9 http://ppa.launchpad.net/ubuntu-toolchain-r/test/ubuntu trusty/main amd64 gcc-4.8 amd64 4.8.5-4ubuntu8~14.04.2 [5,061 kB]
Get:10 http://ppa.launchpad.net/ubuntu-toolchain-r/test/ubuntu trusty/main amd64 cpp-4.8 amd64 4.8.5-4ubuntu8~14.04.2 [4,602 kB]
Get:11 http://ppa.launchpad.net/ubuntu-toolchain-r/test/ubuntu trusty/main amd64 libstdc++-4.8-dev amd64 4.8.5-4ubuntu8~14.04.2 [1,053 kB]
Get:12 http://ppa.launchpad.net/ubuntu-toolchain-r/test/ubuntu trusty/main amd64 libtsan0 amd64 8.1.0-5ubuntu1~14.04 [284 kB]
Get:13 http://ppa.launchpad.net/ubuntu-toolchain-r/test/ubuntu trusty/main amd64 libquadmath0 amd64 8.1.0-5ubuntu1~14.04 [133 kB]
Get:14 http://ppa.launchpad.net/ubuntu-toolchain-r/test/ubuntu trusty/main amd64 libgcc-4.8-dev amd64 4.8.5-4ubuntu8~14.04.2 [1,688 kB]
Get:15 http://ppa.launchpad.net/ubuntu-toolchain-r/test/ubuntu trusty/main amd64 libasan0 amd64 4.8.5-4ubuntu8~14.04.2 [63.1 kB]
Get:16 http://ppa.launchpad.net/ubuntu-toolchain-r/test/ubuntu trusty/main amd64 gcc-4.8-base amd64 4.8.5-4ubuntu8~14.04.2 [15.7 kB]
Fetched 32.2 MB in 1min 11s (449 kB/s)
Selecting previously unselected package gcc-8-base:amd64.
(Reading database ... (Reading database ... 5%(Reading database ... 10%(Reading database ... 15%(Reading database ... 20%(Reading database ... 25%(Reading database ... 30%(Reading database ... 35%(Reading database ... 40%(Reading database ... 45%(Reading database ... 50%(Reading database ... 55%(Reading database ... 60%(Reading database ... 65%(Reading database ... 70%(Reading database ... 75%(Reading database ... 80%(Reading database ... 85%(Reading database ... 90%(Reading database ... 95%(Reading database ... 100%(Reading database ... 93695 files and directories currently installed.)
Preparing to unpack .../gcc-8-base_8.1.0-5ubuntu1~14.04_amd64.deb ...
Unpacking gcc-8-base:amd64 (8.1.0-5ubuntu1~14.04) ...
Processing triggers for ccache (3.1.9-1) ...
Updating symlinks in /usr/lib/ccache ...
Setting up gcc-8-base:amd64 (8.1.0-5ubuntu1~14.04) ...
(Reading database ... (Reading database ... 5%(Reading database ... 10%(Reading database ... 15%(Reading database ... 20%(Reading database ... 25%(Reading database ... 30%(Reading database ... 35%(Reading database ... 40%(Reading database ... 45%(Reading database ... 50%(Reading database ... 55%(Reading database ... 60%(Reading database ... 65%(Reading database ... 70%(Reading database ... 75%(Reading database ... 80%(Reading database ... 85%(Reading database ... 90%(Reading database ... 95%(Reading database ... 100%(Reading database ... 93701 files and directories currently installed.)
Preparing to unpack .../libstdc++6_8.1.0-5ubuntu1~14.04_amd64.deb ...
Unpacking libstdc++6:amd64 (8.1.0-5ubuntu1~14.04) over (4.8.4-2ubuntu1~14.04.3) ...
Setting up libstdc++6:amd64 (8.1.0-5ubuntu1~14.04) ...
Processing triggers for libc-bin (2.19-0ubuntu6.13) ...
(Reading database ... (Reading database ... 5%(Reading database ... 10%(Reading database ... 15%(Reading database ... 20%(Reading database ... 25%(Reading database ... 30%(Reading database ... 35%(Reading database ... 40%(Reading database ... 45%(Reading database ... 50%(Reading database ... 55%(Reading database ... 60%(Reading database ... 65%(Reading database ... 70%(Reading database ... 75%(Reading database ... 80%(Reading database ... 85%(Reading database ... 90%(Reading database ... 95%(Reading database ... 100%(Reading database ... 93702 files and directories currently installed.)
Preparing to unpack .../libatomic1_8.1.0-5ubuntu1~14.04_amd64.deb ...
Unpacking libatomic1:amd64 (8.1.0-5ubuntu1~14.04) over (4.8.4-2ubuntu1~14.04.3) ...
Preparing to unpack .../libitm1_8.1.0-5ubuntu1~14.04_amd64.deb ...
Unpacking libitm1:amd64 (8.1.0-5ubuntu1~14.04) over (4.8.4-2ubuntu1~14.04.3) ...
Preparing to unpack .../libgomp1_8.1.0-5ubuntu1~14.04_amd64.deb ...
Unpacking libgomp1:amd64 (8.1.0-5ubuntu1~14.04) over (4.8.4-2ubuntu1~14.04.3) ...
Selecting previously unselected package libisl15:amd64.
Preparing to unpack .../libisl15_0.15-3~14.04_amd64.deb ...
Unpacking libisl15:amd64 (0.15-3~14.04) ...
Preparing to unpack .../libmpfr4_3.1.3-1~14.04_amd64.deb ...
Unpacking libmpfr4:amd64 (3.1.3-1~14.04) over (3.1.2-1) ...
Preparing to unpack .../g++-4.8_4.8.5-4ubuntu8~14.04.2_amd64.deb ...
Unpacking g++-4.8 (4.8.5-4ubuntu8~14.04.2) over (4.8.4-2ubuntu1~14.04.3) ...
Preparing to unpack .../gcc-4.8_4.8.5-4ubuntu8~14.04.2_amd64.deb ...
Unpacking gcc-4.8 (4.8.5-4ubuntu8~14.04.2) over (4.8.4-2ubuntu1~14.04.3) ...
Preparing to unpack .../cpp-4.8_4.8.5-4ubuntu8~14.04.2_amd64.deb ...
Unpacking cpp-4.8 (4.8.5-4ubuntu8~14.04.2) over (4.8.4-2ubuntu1~14.04.3) ...
Preparing to unpack .../libstdc++-4.8-dev_4.8.5-4ubuntu8~14.04.2_amd64.deb ...
Unpacking libstdc++-4.8-dev:amd64 (4.8.5-4ubuntu8~14.04.2) over (4.8.4-2ubuntu1~14.04.3) ...
Preparing to unpack .../libtsan0_8.1.0-5ubuntu1~14.04_amd64.deb ...
Unpacking libtsan0:amd64 (8.1.0-5ubuntu1~14.04) over (4.8.4-2ubuntu1~14.04.3) ...
Preparing to unpack .../libquadmath0_8.1.0-5ubuntu1~14.04_amd64.deb ...
Unpacking libquadmath0:amd64 (8.1.0-5ubuntu1~14.04) over (4.8.4-2ubuntu1~14.04.3) ...
Preparing to unpack .../libgcc-4.8-dev_4.8.5-4ubuntu8~14.04.2_amd64.deb ...
Unpacking libgcc-4.8-dev:amd64 (4.8.5-4ubuntu8~14.04.2) over (4.8.4-2ubuntu1~14.04.3) ...
Preparing to unpack .../libasan0_4.8.5-4ubuntu8~14.04.2_amd64.deb ...
Unpacking libasan0:amd64 (4.8.5-4ubuntu8~14.04.2) over (4.8.4-2ubuntu1~14.04.3) ...
Preparing to unpack .../gcc-4.8-base_4.8.5-4ubuntu8~14.04.2_amd64.deb ...
Unpacking gcc-4.8-base:amd64 (4.8.5-4ubuntu8~14.04.2) over (4.8.4-2ubuntu1~14.04.3) ...
Processing triggers for man-db (2.6.7.1-1ubuntu1) ...
Processing triggers for ccache (3.1.9-1) ...
Updating symlinks in /usr/lib/ccache ...
Setting up libatomic1:amd64 (8.1.0-5ubuntu1~14.04) ...
Setting up libitm1:amd64 (8.1.0-5ubuntu1~14.04) ...
Setting up libgomp1:amd64 (8.1.0-5ubuntu1~14.04) ...
Setting up libisl15:amd64 (0.15-3~14.04) ...
Setting up libmpfr4:amd64 (3.1.3-1~14.04) ...
Setting up gcc-4.8-base:amd64 (4.8.5-4ubuntu8~14.04.2) ...
Setting up cpp-4.8 (4.8.5-4ubuntu8~14.04.2) ...
Setting up libasan0:amd64 (4.8.5-4ubuntu8~14.04.2) ...
Setting up libtsan0:amd64 (8.1.0-5ubuntu1~14.04) ...
Setting up libquadmath0:amd64 (8.1.0-5ubuntu1~14.04) ...
Setting up libgcc-4.8-dev:amd64 (4.8.5-4ubuntu8~14.04.2) ...
Setting up gcc-4.8 (4.8.5-4ubuntu8~14.04.2) ...
Setting up libstdc++-4.8-dev:amd64 (4.8.5-4ubuntu8~14.04.2) ...
Setting up g++-4.8 (4.8.5-4ubuntu8~14.04.2) ...
Processing triggers for libc-bin (2.19-0ubuntu6.13) ...
travis_time:end:33fa0cdc:start=1546902048449516017,finish=1546902125897008604,duration=77447492587[0Ktravis_fold:end:apt[0K
travis_fold:start:git.checkout[0Ktravis_time:start:0726983a[0K$ git clone --depth=50 https://github.com/angular/angular.git angular/angular
Cloning into 'angular/angular'...
remote: Enumerating objects: 7929, done.[K
remote: Counting objects:   0% (1/7929)   [Kremote: Counting objects:   1% (80/7929)   [Kremote: Counting objects:   2% (159/7929)   [Kremote: Counting objects:   3% (238/7929)   [Kremote: Counting objects:   4% (318/7929)   [Kremote: Counting objects:   5% (397/7929)   [Kremote: Counting objects:   6% (476/7929)   [Kremote: Counting objects:   7% (556/7929)   [Kremote: Counting objects:   8% (635/7929)   [Kremote: Counting objects:   9% (714/7929)   [Kremote: Counting objects:  10% (793/7929)   [Kremote: Counting objects:  11% (873/7929)   [Kremote: Counting objects:  12% (952/7929)   [Kremote: Counting objects:  13% (1031/7929)   [Kremote: Counting objects:  14% (1111/7929)   [Kremote: Counting objects:  15% (1190/7929)   [Kremote: Counting objects:  16% (1269/7929)   [Kremote: Counting objects:  17% (1348/7929)   [Kremote: Counting objects:  18% (1428/7929)   [Kremote: Counting objects:  19% (1507/7929)   [Kremote: Counting objects:  20% (1586/7929)   [Kremote: Counting objects:  21% (1666/7929)   [Kremote: Counting objects:  22% (1745/7929)   [Kremote: Counting objects:  23% (1824/7929)   [Kremote: Counting objects:  24% (1903/7929)   [Kremote: Counting objects:  25% (1983/7929)   [Kremote: Counting objects:  26% (2062/7929)   [Kremote: Counting objects:  27% (2141/7929)   [Kremote: Counting objects:  28% (2221/7929)   [Kremote: Counting objects:  29% (2300/7929)   [Kremote: Counting objects:  30% (2379/7929)   [Kremote: Counting objects:  31% (2458/7929)   [Kremote: Counting objects:  32% (2538/7929)   [Kremote: Counting objects:  33% (2617/7929)   [Kremote: Counting objects:  34% (2696/7929)   [Kremote: Counting objects:  35% (2776/7929)   [Kremote: Counting objects:  36% (2855/7929)   [Kremote: Counting objects:  37% (2934/7929)   [Kremote: Counting objects:  38% (3014/7929)   [Kremote: Counting objects:  39% (3093/7929)   [Kremote: Counting objects:  40% (3172/7929)   [Kremote: Counting objects:  41% (3251/7929)   [Kremote: Counting objects:  42% (3331/7929)   [Kremote: Counting objects:  43% (3410/7929)   [Kremote: Counting objects:  44% (3489/7929)   [Kremote: Counting objects:  45% (3569/7929)   [Kremote: Counting objects:  46% (3648/7929)   [Kremote: Counting objects:  47% (3727/7929)   [Kremote: Counting objects:  48% (3806/7929)   [Kremote: Counting objects:  49% (3886/7929)   [Kremote: Counting objects:  50% (3965/7929)   [Kremote: Counting objects:  51% (4044/7929)   [Kremote: Counting objects:  52% (4124/7929)   [Kremote: Counting objects:  53% (4203/7929)   [Kremote: Counting objects:  54% (4282/7929)   [Kremote: Counting objects:  55% (4361/7929)   [Kremote: Counting objects:  56% (4441/7929)   [Kremote: Counting objects:  57% (4520/7929)   [Kremote: Counting objects:  58% (4599/7929)   [Kremote: Counting objects:  59% (4679/7929)   [Kremote: Counting objects:  60% (4758/7929)   [Kremote: Counting objects:  61% (4837/7929)   [Kremote: Counting objects:  62% (4916/7929)   [Kremote: Counting objects:  63% (4996/7929)   [Kremote: Counting objects:  64% (5075/7929)   [Kremote: Counting objects:  65% (5154/7929)   [Kremote: Counting objects:  66% (5234/7929)   [Kremote: Counting objects:  67% (5313/7929)   [Kremote: Counting objects:  68% (5392/7929)   [Kremote: Counting objects:  69% (5472/7929)   [Kremote: Counting objects:  70% (5551/7929)   [Kremote: Counting objects:  71% (5630/7929)   [Kremote: Counting objects:  72% (5709/7929)   [Kremote: Counting objects:  73% (5789/7929)   [Kremote: Counting objects:  74% (5868/7929)   [Kremote: Counting objects:  75% (5947/7929)   [Kremote: Counting objects:  76% (6027/7929)   [Kremote: Counting objects:  77% (6106/7929)   [Kremote: Counting objects:  78% (6185/7929)   [Kremote: Counting objects:  79% (6264/7929)   [Kremote: Counting objects:  80% (6344/7929)   [Kremote: Counting objects:  81% (6423/7929)   [Kremote: Counting objects:  82% (6502/7929)   [Kremote: Counting objects:  83% (6582/7929)   [Kremote: Counting objects:  84% (6661/7929)   [Kremote: Counting objects:  85% (6740/7929)   [Kremote: Counting objects:  86% (6819/7929)   [Kremote: Counting objects:  87% (6899/7929)   [Kremote: Counting objects:  88% (6978/7929)   [Kremote: Counting objects:  89% (7057/7929)   [Kremote: Counting objects:  90% (7137/7929)   [Kremote: Counting objects:  91% (7216/7929)   [Kremote: Counting objects:  92% (7295/7929)   [Kremote: Counting objects:  93% (7374/7929)   [Kremote: Counting objects:  94% (7454/7929)   [Kremote: Counting objects:  95% (7533/7929)   [Kremote: Counting objects:  96% (7612/7929)   [Kremote: Counting objects:  97% (7692/7929)   [Kremote: Counting objects:  98% (7771/7929)   [Kremote: Counting objects:  99% (7850/7929)   [Kremote: Counting objects: 100% (7929/7929)   [Kremote: Counting objects: 100% (7929/7929), done.[K
remote: Compressing objects:   0% (1/6215)   [Kremote: Compressing objects:   1% (63/6215)   [Kremote: Compressing objects:   2% (125/6215)   [Kremote: Compressing objects:   3% (187/6215)   [Kremote: Compressing objects:   4% (249/6215)   [Kremote: Compressing objects:   5% (311/6215)   [Kremote: Compressing objects:   6% (373/6215)   [Kremote: Compressing objects:   7% (436/6215)   [Kremote: Compressing objects:   8% (498/6215)   [Kremote: Compressing objects:   9% (560/6215)   [Kremote: Compressing objects:  10% (622/6215)   [Kremote: Compressing objects:  11% (684/6215)   [Kremote: Compressing objects:  12% (746/6215)   [Kremote: Compressing objects:  13% (808/6215)   [Kremote: Compressing objects:  14% (871/6215)   [Kremote: Compressing objects:  15% (933/6215)   [Kremote: Compressing objects:  16% (995/6215)   [Kremote: Compressing objects:  17% (1057/6215)   [Kremote: Compressing objects:  18% (1119/6215)   [Kremote: Compressing objects:  19% (1181/6215)   [Kremote: Compressing objects:  20% (1243/6215)   [Kremote: Compressing objects:  21% (1306/6215)   [Kremote: Compressing objects:  22% (1368/6215)   [Kremote: Compressing objects:  23% (1430/6215)   [Kremote: Compressing objects:  24% (1492/6215)   [Kremote: Compressing objects:  25% (1554/6215)   [Kremote: Compressing objects:  26% (1616/6215)   [Kremote: Compressing objects:  27% (1679/6215)   [Kremote: Compressing objects:  28% (1741/6215)   [Kremote: Compressing objects:  29% (1803/6215)   [Kremote: Compressing objects:  30% (1865/6215)   [Kremote: Compressing objects:  31% (1927/6215)   [Kremote: Compressing objects:  32% (1989/6215)   [Kremote: Compressing objects:  33% (2051/6215)   [Kremote: Compressing objects:  34% (2114/6215)   [Kremote: Compressing objects:  35% (2176/6215)   [Kremote: Compressing objects:  36% (2238/6215)   [Kremote: Compressing objects:  37% (2300/6215)   [Kremote: Compressing objects:  38% (2362/6215)   [Kremote: Compressing objects:  39% (2424/6215)   [Kremote: Compressing objects:  40% (2486/6215)   [Kremote: Compressing objects:  41% (2549/6215)   [Kremote: Compressing objects:  42% (2611/6215)   [Kremote: Compressing objects:  43% (2673/6215)   [Kremote: Compressing objects:  44% (2735/6215)   [Kremote: Compressing objects:  45% (2797/6215)   [Kremote: Compressing objects:  46% (2859/6215)   [Kremote: Compressing objects:  47% (2922/6215)   [Kremote: Compressing objects:  48% (2984/6215)   [Kremote: Compressing objects:  49% (3046/6215)   [Kremote: Compressing objects:  50% (3108/6215)   [Kremote: Compressing objects:  51% (3170/6215)   [Kremote: Compressing objects:  52% (3232/6215)   [Kremote: Compressing objects:  53% (3294/6215)   [Kremote: Compressing objects:  54% (3357/6215)   [Kremote: Compressing objects:  55% (3419/6215)   [Kremote: Compressing objects:  56% (3481/6215)   [Kremote: Compressing objects:  57% (3543/6215)   [Kremote: Compressing objects:  58% (3605/6215)   [Kremote: Compressing objects:  59% (3667/6215)   [Kremote: Compressing objects:  60% (3729/6215)   [Kremote: Compressing objects:  61% (3792/6215)   [Kremote: Compressing objects:  62% (3854/6215)   [Kremote: Compressing objects:  63% (3916/6215)   [Kremote: Compressing objects:  64% (3978/6215)   [Kremote: Compressing objects:  65% (4040/6215)   [Kremote: Compressing objects:  66% (4102/6215)   [Kremote: Compressing objects:  67% (4165/6215)   [Kremote: Compressing objects:  68% (4227/6215)   [Kremote: Compressing objects:  69% (4289/6215)   [Kremote: Compressing objects:  70% (4351/6215)   [Kremote: Compressing objects:  71% (4413/6215)   [Kremote: Compressing objects:  72% (4475/6215)   [Kremote: Compressing objects:  73% (4537/6215)   [Kremote: Compressing objects:  74% (4600/6215)   [Kremote: Compressing objects:  75% (4662/6215)   [Kremote: Compressing objects:  76% (4724/6215)   [Kremote: Compressing objects:  77% (4786/6215)   [Kremote: Compressing objects:  78% (4848/6215)   [Kremote: Compressing objects:  79% (4910/6215)   [Kremote: Compressing objects:  80% (4972/6215)   [Kremote: Compressing objects:  81% (5035/6215)   [Kremote: Compressing objects:  82% (5097/6215)   [Kremote: Compressing objects:  83% (5159/6215)   [Kremote: Compressing objects:  84% (5221/6215)   [Kremote: Compressing objects:  85% (5283/6215)   [Kremote: Compressing objects:  86% (5345/6215)   [Kremote: Compressing objects:  87% (5408/6215)   [Kremote: Compressing objects:  88% (5470/6215)   [Kremote: Compressing objects:  89% (5532/6215)   [Kremote: Compressing objects:  90% (5594/6215)   [Kremote: Compressing objects:  91% (5656/6215)   [Kremote: Compressing objects:  92% (5718/6215)   [Kremote: Compressing objects:  93% (5780/6215)   [Kremote: Compressing objects:  94% (5843/6215)   [Kremote: Compressing objects:  95% (5905/6215)   [Kremote: Compressing objects:  96% (5967/6215)   [Kremote: Compressing objects:  97% (6029/6215)   [Kremote: Compressing objects:  98% (6091/6215)   [Kremote: Compressing objects:  99% (6153/6215)   [Kremote: Compressing objects: 100% (6215/6215)   [Kremote: Compressing objects: 100% (6215/6215), done.[K
Receiving objects:   0% (1/7929)   Receiving objects:   1% (80/7929)   Receiving objects:   2% (159/7929)   Receiving objects:   3% (238/7929)   Receiving objects:   4% (318/7929)   Receiving objects:   5% (397/7929)   Receiving objects:   6% (476/7929)   Receiving objects:   7% (556/7929)   Receiving objects:   8% (635/7929)   Receiving objects:   9% (714/7929)   Receiving objects:  10% (793/7929)   Receiving objects:  11% (873/7929)   Receiving objects:  12% (952/7929)   Receiving objects:  13% (1031/7929)   Receiving objects:  14% (1111/7929)   Receiving objects:  15% (1190/7929)   Receiving objects:  16% (1269/7929)   Receiving objects:  17% (1348/7929)   Receiving objects:  18% (1428/7929)   Receiving objects:  19% (1507/7929)   Receiving objects:  20% (1586/7929)   Receiving objects:  21% (1666/7929)   Receiving objects:  22% (1745/7929)   Receiving objects:  23% (1824/7929)   Receiving objects:  24% (1903/7929)   Receiving objects:  25% (1983/7929)   Receiving objects:  26% (2062/7929)   Receiving objects:  27% (2141/7929)   Receiving objects:  28% (2221/7929)   Receiving objects:  29% (2300/7929)   Receiving objects:  30% (2379/7929)   Receiving objects:  31% (2458/7929)   Receiving objects:  32% (2538/7929)   Receiving objects:  33% (2617/7929)   Receiving objects:  34% (2696/7929)   Receiving objects:  35% (2776/7929)   Receiving objects:  36% (2855/7929)   Receiving objects:  37% (2934/7929)   Receiving objects:  38% (3014/7929)   Receiving objects:  39% (3093/7929)   Receiving objects:  40% (3172/7929)   Receiving objects:  41% (3251/7929)   Receiving objects:  42% (3331/7929)   Receiving objects:  43% (3410/7929)   Receiving objects:  44% (3489/7929)   Receiving objects:  45% (3569/7929), 10.19 MiB | 20.37 MiB/s   Receiving objects:  46% (3648/7929), 10.19 MiB | 20.37 MiB/s   Receiving objects:  47% (3727/7929), 10.19 MiB | 20.37 MiB/s   Receiving objects:  48% (3806/7929), 10.19 MiB | 20.37 MiB/s   Receiving objects:  49% (3886/7929), 10.19 MiB | 20.37 MiB/s   Receiving objects:  50% (3965/7929), 10.19 MiB | 20.37 MiB/s   Receiving objects:  51% (4044/7929), 10.19 MiB | 20.37 MiB/s   Receiving objects:  52% (4124/7929), 10.19 MiB | 20.37 MiB/s   Receiving objects:  53% (4203/7929), 10.19 MiB | 20.37 MiB/s   Receiving objects:  54% (4282/7929), 10.19 MiB | 20.37 MiB/s   Receiving objects:  55% (4361/7929), 10.19 MiB | 20.37 MiB/s   Receiving objects:  56% (4441/7929), 10.19 MiB | 20.37 MiB/s   Receiving objects:  57% (4520/7929), 10.19 MiB | 20.37 MiB/s   Receiving objects:  58% (4599/7929), 10.19 MiB | 20.37 MiB/s   Receiving objects:  59% (4679/7929), 10.19 MiB | 20.37 MiB/s   Receiving objects:  60% (4758/7929), 10.19 MiB | 20.37 MiB/s   Receiving objects:  61% (4837/7929), 10.19 MiB | 20.37 MiB/s   Receiving objects:  62% (4916/7929), 10.19 MiB | 20.37 MiB/s   Receiving objects:  63% (4996/7929), 10.19 MiB | 20.37 MiB/s   Receiving objects:  64% (5075/7929), 10.19 MiB | 20.37 MiB/s   Receiving objects:  65% (5154/7929), 10.19 MiB | 20.37 MiB/s   Receiving objects:  66% (5234/7929), 10.19 MiB | 20.37 MiB/s   Receiving objects:  67% (5313/7929), 10.19 MiB | 20.37 MiB/s   Receiving objects:  68% (5392/7929), 10.19 MiB | 20.37 MiB/s   Receiving objects:  69% (5472/7929), 10.19 MiB | 20.37 MiB/s   Receiving objects:  70% (5551/7929), 10.19 MiB | 20.37 MiB/s   Receiving objects:  71% (5630/7929), 10.19 MiB | 20.37 MiB/s   Receiving objects:  72% (5709/7929), 10.19 MiB | 20.37 MiB/s   Receiving objects:  73% (5789/7929), 10.19 MiB | 20.37 MiB/s   Receiving objects:  74% (5868/7929), 10.19 MiB | 20.37 MiB/s   Receiving objects:  75% (5947/7929), 10.19 MiB | 20.37 MiB/s   Receiving objects:  76% (6027/7929), 10.19 MiB | 20.37 MiB/s   Receiving objects:  77% (6106/7929), 10.19 MiB | 20.37 MiB/s   Receiving objects:  78% (6185/7929), 10.19 MiB | 20.37 MiB/s   Receiving objects:  79% (6264/7929), 10.19 MiB | 20.37 MiB/s   Receiving objects:  80% (6344/7929), 10.19 MiB | 20.37 MiB/s   Receiving objects:  81% (6423/7929), 10.19 MiB | 20.37 MiB/s   Receiving objects:  82% (6502/7929), 10.19 MiB | 20.37 MiB/s   Receiving objects:  83% (6582/7929), 10.19 MiB | 20.37 MiB/s   Receiving objects:  84% (6661/7929), 10.19 MiB | 20.37 MiB/s   Receiving objects:  85% (6740/7929), 10.19 MiB | 20.37 MiB/s   Receiving objects:  86% (6819/7929), 10.19 MiB | 20.37 MiB/s   Receiving objects:  87% (6899/7929), 10.19 MiB | 20.37 MiB/s   Receiving objects:  88% (6978/7929), 10.19 MiB | 20.37 MiB/s   Receiving objects:  89% (7057/7929), 10.19 MiB | 20.37 MiB/s   Receiving objects:  90% (7137/7929), 10.19 MiB | 20.37 MiB/s   Receiving objects:  91% (7216/7929), 10.19 MiB | 20.37 MiB/s   Receiving objects:  92% (7295/7929), 10.19 MiB | 20.37 MiB/s   Receiving objects:  93% (7374/7929), 10.19 MiB | 20.37 MiB/s   Receiving objects:  94% (7454/7929), 10.19 MiB | 20.37 MiB/s   Receiving objects:  95% (7533/7929), 10.19 MiB | 20.37 MiB/s   Receiving objects:  96% (7612/7929), 10.19 MiB | 20.37 MiB/s   Receiving objects:  97% (7692/7929), 10.19 MiB | 20.37 MiB/s   Receiving objects:  98% (7771/7929), 10.19 MiB | 20.37 MiB/s   Receiving objects:  99% (7850/7929), 10.19 MiB | 20.37 MiB/s   remote: Total 7929 (delta 1887), reused 4616 (delta 1335), pack-reused 0[K
Receiving objects: 100% (7929/7929), 10.19 MiB | 20.37 MiB/s   Receiving objects: 100% (7929/7929), 18.23 MiB | 20.36 MiB/s, done.
Resolving deltas:   0% (0/1887)   Resolving deltas:   1% (19/1887)   Resolving deltas:   2% (39/1887)   Resolving deltas:   3% (57/1887)   Resolving deltas:   4% (76/1887)   Resolving deltas:   7% (149/1887)   Resolving deltas:   8% (160/1887)   Resolving deltas:   9% (170/1887)   Resolving deltas:  11% (210/1887)   Resolving deltas:  12% (243/1887)   Resolving deltas:  13% (246/1887)   Resolving deltas:  14% (265/1887)   Resolving deltas:  15% (284/1887)   Resolving deltas:  16% (302/1887)   Resolving deltas:  17% (323/1887)   Resolving deltas:  18% (340/1887)   Resolving deltas:  19% (359/1887)   Resolving deltas:  20% (380/1887)   Resolving deltas:  21% (403/1887)   Resolving deltas:  22% (416/1887)   Resolving deltas:  23% (437/1887)   Resolving deltas:  24% (458/1887)   Resolving deltas:  25% (479/1887)   Resolving deltas:  26% (491/1887)   Resolving deltas:  27% (524/1887)   Resolving deltas:  28% (531/1887)   Resolving deltas:  29% (554/1887)   Resolving deltas:  30% (569/1887)   Resolving deltas:  31% (585/1887)   Resolving deltas:  32% (604/1887)   Resolving deltas:  33% (623/1887)   Resolving deltas:  34% (643/1887)   Resolving deltas:  35% (662/1887)   Resolving deltas:  36% (680/1887)   Resolving deltas:  37% (701/1887)   Resolving deltas:  38% (719/1887)   Resolving deltas:  39% (738/1887)   Resolving deltas:  40% (755/1887)   Resolving deltas:  41% (774/1887)   Resolving deltas:  42% (795/1887)   Resolving deltas:  43% (812/1887)   Resolving deltas:  44% (832/1887)   Resolving deltas:  45% (851/1887)   Resolving deltas:  46% (871/1887)   Resolving deltas:  47% (887/1887)   Resolving deltas:  49% (930/1887)   Resolving deltas:  50% (944/1887)   Resolving deltas:  51% (965/1887)   Resolving deltas:  52% (983/1887)   Resolving deltas:  53% (1001/1887)   Resolving deltas:  54% (1020/1887)   Resolving deltas:  55% (1049/1887)   Resolving deltas:  56% (1057/1887)   Resolving deltas:  57% (1077/1887)   Resolving deltas:  58% (1099/1887)   Resolving deltas:  59% (1128/1887)   Resolving deltas:  60% (1138/1887)   Resolving deltas:  61% (1153/1887)   Resolving deltas:  62% (1181/1887)   Resolving deltas:  63% (1199/1887)   Resolving deltas:  64% (1208/1887)   Resolving deltas:  65% (1229/1887)   Resolving deltas:  66% (1246/1887)   Resolving deltas:  67% (1267/1887)   Resolving deltas:  70% (1321/1887)   Resolving deltas:  73% (1393/1887)   Resolving deltas:  75% (1431/1887)   Resolving deltas:  76% (1436/1887)   Resolving deltas:  77% (1453/1887)   Resolving deltas:  78% (1472/1887)   Resolving deltas:  79% (1491/1887)   Resolving deltas:  80% (1514/1887)   Resolving deltas:  81% (1529/1887)   Resolving deltas:  82% (1551/1887)   Resolving deltas:  83% (1568/1887)   Resolving deltas:  84% (1586/1887)   Resolving deltas:  85% (1607/1887)   Resolving deltas:  86% (1623/1887)   Resolving deltas:  87% (1642/1887)   Resolving deltas:  88% (1661/1887)   Resolving deltas:  89% (1680/1887)   Resolving deltas:  90% (1701/1887)   Resolving deltas:  91% (1718/1887)   Resolving deltas:  92% (1738/1887)   Resolving deltas:  93% (1757/1887)   Resolving deltas:  94% (1774/1887)   Resolving deltas:  95% (1793/1887)   Resolving deltas:  96% (1815/1887)   Resolving deltas:  97% (1832/1887)   Resolving deltas:  98% (1850/1887)   Resolving deltas:  99% (1869/1887)   Resolving deltas: 100% (1887/1887)   Resolving deltas: 100% (1887/1887), done.
travis_time:end:0726983a:start=1546902125900704261,finish=1546902129925848363,duration=4025144102[0K$ cd angular/angular
travis_time:start:22973688[0K$ git fetch origin +refs/pull/27898/merge:
remote: Enumerating objects: 116, done.[K
remote: Counting objects:   1% (1/95)   [Kremote: Counting objects:   2% (2/95)   [Kremote: Counting objects:   3% (3/95)   [Kremote: Counting objects:   4% (4/95)   [Kremote: Counting objects:   5% (5/95)   [Kremote: Counting objects:   6% (6/95)   [Kremote: Counting objects:   7% (7/95)   [Kremote: Counting objects:   8% (8/95)   [Kremote: Counting objects:   9% (9/95)   [Kremote: Counting objects:  10% (10/95)   [Kremote: Counting objects:  11% (11/95)   [Kremote: Counting objects:  12% (12/95)   [Kremote: Counting objects:  13% (13/95)   [Kremote: Counting objects:  14% (14/95)   [Kremote: Counting objects:  15% (15/95)   [Kremote: Counting objects:  16% (16/95)   [Kremote: Counting objects:  17% (17/95)   [Kremote: Counting objects:  18% (18/95)   [Kremote: Counting objects:  20% (19/95)   [Kremote: Counting objects:  21% (20/95)   [Kremote: Counting objects:  22% (21/95)   [Kremote: Counting objects:  23% (22/95)   [Kremote: Counting objects:  24% (23/95)   [Kremote: Counting objects:  25% (24/95)   [Kremote: Counting objects:  26% (25/95)   [Kremote: Counting objects:  27% (26/95)   [Kremote: Counting objects:  28% (27/95)   [Kremote: Counting objects:  29% (28/95)   [Kremote: Counting objects:  30% (29/95)   [Kremote: Counting objects:  31% (30/95)   [Kremote: Counting objects:  32% (31/95)   [Kremote: Counting objects:  33% (32/95)   [Kremote: Counting objects:  34% (33/95)   [Kremote: Counting objects:  35% (34/95)   [Kremote: Counting objects:  36% (35/95)   [Kremote: Counting objects:  37% (36/95)   [Kremote: Counting objects:  38% (37/95)   [Kremote: Counting objects:  40% (38/95)   [Kremote: Counting objects:  41% (39/95)   [Kremote: Counting objects:  42% (40/95)   [Kremote: Counting objects:  43% (41/95)   [Kremote: Counting objects:  44% (42/95)   [Kremote: Counting objects:  45% (43/95)   [Kremote: Counting objects:  46% (44/95)   [Kremote: Counting objects:  47% (45/95)   [Kremote: Counting objects:  48% (46/95)   [Kremote: Counting objects:  49% (47/95)   [Kremote: Counting objects:  50% (48/95)   [Kremote: Counting objects:  51% (49/95)   [Kremote: Counting objects:  52% (50/95)   [Kremote: Counting objects:  53% (51/95)   [Kremote: Counting objects:  54% (52/95)   [Kremote: Counting objects:  55% (53/95)   [Kremote: Counting objects:  56% (54/95)   [Kremote: Counting objects:  57% (55/95)   [Kremote: Counting objects:  58% (56/95)   [Kremote: Counting objects:  60% (57/95)   [Kremote: Counting objects:  61% (58/95)   [Kremote: Counting objects:  62% (59/95)   [Kremote: Counting objects:  63% (60/95)   [Kremote: Counting objects:  64% (61/95)   [Kremote: Counting objects:  65% (62/95)   [Kremote: Counting objects:  66% (63/95)   [Kremote: Counting objects:  67% (64/95)   [Kremote: Counting objects:  68% (65/95)   [Kremote: Counting objects:  69% (66/95)   [Kremote: Counting objects:  70% (67/95)   [Kremote: Counting objects:  71% (68/95)   [Kremote: Counting objects:  72% (69/95)   [Kremote: Counting objects:  73% (70/95)   [Kremote: Counting objects:  74% (71/95)   [Kremote: Counting objects:  75% (72/95)   [Kremote: Counting objects:  76% (73/95)   [Kremote: Counting objects:  77% (74/95)   [Kremote: Counting objects:  78% (75/95)   [Kremote: Counting objects:  80% (76/95)   [Kremote: Counting objects:  81% (77/95)   [Kremote: Counting objects:  82% (78/95)   [Kremote: Counting objects:  83% (79/95)   [Kremote: Counting objects:  84% (80/95)   [Kremote: Counting objects:  85% (81/95)   [Kremote: Counting objects:  86% (82/95)   [Kremote: Counting objects:  87% (83/95)   [Kremote: Counting objects:  88% (84/95)   [Kremote: Counting objects:  89% (85/95)   [Kremote: Counting objects:  90% (86/95)   [Kremote: Counting objects:  91% (87/95)   [Kremote: Counting objects:  92% (88/95)   [Kremote: Counting objects:  93% (89/95)   [Kremote: Counting objects:  94% (90/95)   [Kremote: Counting objects:  95% (91/95)   [Kremote: Counting objects:  96% (92/95)   [Kremote: Counting objects:  97% (93/95)   [Kremote: Counting objects:  98% (94/95)   [Kremote: Counting objects: 100% (95/95)   [Kremote: Counting objects: 100% (95/95), done.[K
remote: Compressing objects:   3% (1/32)   [Kremote: Compressing objects:   6% (2/32)   [Kremote: Compressing objects:   9% (3/32)   [Kremote: Compressing objects:  12% (4/32)   [Kremote: Compressing objects:  15% (5/32)   [Kremote: Compressing objects:  18% (6/32)   [Kremote: Compressing objects:  21% (7/32)   [Kremote: Compressing objects:  25% (8/32)   [Kremote: Compressing objects:  28% (9/32)   [Kremote: Compressing objects:  31% (10/32)   [Kremote: Compressing objects:  34% (11/32)   [Kremote: Compressing objects:  37% (12/32)   [Kremote: Compressing objects:  40% (13/32)   [Kremote: Compressing objects:  43% (14/32)   [Kremote: Compressing objects:  46% (15/32)   [Kremote: Compressing objects:  50% (16/32)   [Kremote: Compressing objects:  53% (17/32)   [Kremote: Compressing objects:  56% (18/32)   [Kremote: Compressing objects:  59% (19/32)   [Kremote: Compressing objects:  62% (20/32)   [Kremote: Compressing objects:  65% (21/32)   [Kremote: Compressing objects:  68% (22/32)   [Kremote: Compressing objects:  71% (23/32)   [Kremote: Compressing objects:  75% (24/32)   [Kremote: Compressing objects:  78% (25/32)   [Kremote: Compressing objects:  81% (26/32)   [Kremote: Compressing objects:  84% (27/32)   [Kremote: Compressing objects:  87% (28/32)   [Kremote: Compressing objects:  90% (29/32)   [Kremote: Compressing objects:  93% (30/32)   [Kremote: Compressing objects:  96% (31/32)   [Kremote: Compressing objects: 100% (32/32)   [Kremote: Compressing objects: 100% (32/32), done.[K
remote: Total 68 (delta 55), reused 48 (delta 36), pack-reused 0[K
Unpacking objects:   1% (1/68)   Unpacking objects:   2% (2/68)   Unpacking objects:   4% (3/68)   Unpacking objects:   5% (4/68)   Unpacking objects:   7% (5/68)   Unpacking objects:   8% (6/68)   Unpacking objects:  10% (7/68)   Unpacking objects:  11% (8/68)   Unpacking objects:  13% (9/68)   Unpacking objects:  14% (10/68)   Unpacking objects:  16% (11/68)   Unpacking objects:  17% (12/68)   Unpacking objects:  19% (13/68)   Unpacking objects:  20% (14/68)   Unpacking objects:  22% (15/68)   Unpacking objects:  23% (16/68)   Unpacking objects:  25% (17/68)   Unpacking objects:  26% (18/68)   Unpacking objects:  27% (19/68)   Unpacking objects:  29% (20/68)   Unpacking objects:  30% (21/68)   Unpacking objects:  32% (22/68)   Unpacking objects:  33% (23/68)   Unpacking objects:  35% (24/68)   Unpacking objects:  36% (25/68)   Unpacking objects:  38% (26/68)   Unpacking objects:  39% (27/68)   Unpacking objects:  41% (28/68)   Unpacking objects:  42% (29/68)   Unpacking objects:  44% (30/68)   Unpacking objects:  45% (31/68)   Unpacking objects:  47% (32/68)   Unpacking objects:  48% (33/68)   Unpacking objects:  50% (34/68)   Unpacking objects:  51% (35/68)   Unpacking objects:  52% (36/68)   Unpacking objects:  54% (37/68)   Unpacking objects:  55% (38/68)   Unpacking objects:  57% (39/68)   Unpacking objects:  58% (40/68)   Unpacking objects:  60% (41/68)   Unpacking objects:  61% (42/68)   Unpacking objects:  63% (43/68)   Unpacking objects:  64% (44/68)   Unpacking objects:  66% (45/68)   Unpacking objects:  67% (46/68)   Unpacking objects:  69% (47/68)   Unpacking objects:  70% (48/68)   Unpacking objects:  72% (49/68)   Unpacking objects:  73% (50/68)   Unpacking objects:  75% (51/68)   Unpacking objects:  76% (52/68)   Unpacking objects:  77% (53/68)   Unpacking objects:  79% (54/68)   Unpacking objects:  80% (55/68)   Unpacking objects:  82% (56/68)   Unpacking objects:  83% (57/68)   Unpacking objects:  85% (58/68)   Unpacking objects:  86% (59/68)   Unpacking objects:  88% (60/68)   Unpacking objects:  89% (61/68)   Unpacking objects:  91% (62/68)   Unpacking objects:  92% (63/68)   Unpacking objects:  94% (64/68)   Unpacking objects:  95% (65/68)   Unpacking objects:  97% (66/68)   Unpacking objects:  98% (67/68)   Unpacking objects: 100% (68/68)   Unpacking objects: 100% (68/68), done.
From https://github.com/angular/angular
 * branch            refs/pull/27898/merge -> FETCH_HEAD
travis_time:end:22973688:start=1546902129929498364,finish=1546902131423784732,duration=1494286368[0K$ git checkout -qf FETCH_HEAD
travis_fold:end:git.checkout[0K

[33;1mSetting environment variables from .travis.yml[0m
$ export CI_MODE=saucelabs_required

travis_fold:start:nvm.install[0Ktravis_time:start:01d26074[0K$ nvm install 10.9.0
Downloading and installing node v10.9.0...
Downloading https://nodejs.org/dist/v10.9.0/node-v10.9.0-linux-x64.tar.xz...
Computing checksum with sha256sum
Checksums matched!
Now using node v10.9.0 (npm v6.2.0)
travis_time:end:01d26074:start=1546902133041546813,finish=1546902135977169932,duration=2935623119[0Ktravis_fold:end:nvm.install[0K
travis_fold:start:install.yarn[0Ktravis_fold:end:install.yarn[0Ktravis_fold:start:cache.1[0KSetting up build cache
$ export CASHER_DIR=${TRAVIS_HOME}/.casher
travis_time:start:2bb6235e[0K$ Installing caching utilities
travis_time:end:2bb6235e:start=1546902140362278410,finish=1546902140538031308,duration=175752898[0Ktravis_time:start:01afb7ab[0Ktravis_time:end:01afb7ab:start=1546902140542645232,finish=1546902140545178082,duration=2532850[0Ktravis_time:start:1e138f20[0K[32;1mattempting to download cache archive[0m
[32;1mfetching PR.27898/cache-linux-trusty-71eed56ccc795742ce11420618580c0568e9fddd0675e5bf95d37ff156fdd3c7--node-10.9.0.tgz[0m
[32;1mfetching PR.27898/cache--node-10.9.0.tgz[0m
[32;1mfetching master/cache-linux-trusty-71eed56ccc795742ce11420618580c0568e9fddd0675e5bf95d37ff156fdd3c7--node-10.9.0.tgz[0m
[32;1mfound cache[0m
travis_time:end:1e138f20:start=1546902140548386045,finish=1546902155613782515,duration=15065396470[0Ktravis_time:start:01ee7e8b[0Ktravis_time:end:01ee7e8b:start=1546902155617800825,finish=1546902155620500793,duration=2699968[0Ktravis_time:start:0226988a[0K[32;1madding /home/travis/build/angular/angular/node_modules to cache[0m
[32;1mcreating directory /home/travis/build/angular/angular/node_modules[0m
[32;1madding /home/travis/build/angular/angular/.chrome/chromium to cache[0m
[32;1mcreating directory /home/travis/build/angular/angular/.chrome/chromium[0m
[32;1madding /home/travis/build/angular/angular/aio/node_modules to cache[0m
[32;1mcreating directory /home/travis/build/angular/angular/aio/node_modules[0m
travis_time:end:0226988a:start=1546902155623841433,finish=1546902198960624885,duration=43336783452[0Ktravis_fold:end:cache.1[0K
travis_fold:start:cache.yarn[0K
travis_time:start:162862e0[0Ktravis_time:end:162862e0:start=1546902198965647897,finish=1546902198968666263,duration=3018366[0Ktravis_time:start:070bdf37[0K[32;1madding /home/travis/.cache/yarn to cache[0m
travis_time:end:070bdf37:start=1546902198972512689,finish=1546902273636642077,duration=74664129388[0Ktravis_fold:end:cache.yarn[0K$ node --version
v10.9.0
$ npm --version
6.2.0
$ nvm --version
0.33.11
$ yarn --version
1.3.2

travis_fold:start:before_install[0Ktravis_time:start:1867bc98[0K$ source ./scripts/ci/env.sh print
GNU bash, version 4.3.11(1)-release (x86_64-pc-linux-gnu)
Copyright (C) 2013 Free Software Foundation, Inc.
License GPLv3+: GNU GPL version 3 or later <http://gnu.org/licenses/gpl.html>

This is free software; you are free to change and redistribute it.
There is NO WARRANTY, to the extent permitted by law.
NODE_VERSION=10.9.0
YARN_VERSION=1.12.1
CHROMIUM_VERSION=561733
CHROMEDRIVER_VERSION_ARG=--versions.chrome 2.41
SAUCE_CONNECT_VERSION=4.5.2
ANGULAR_CLI_VERSION=1.6.3
CI_AIO_MIN_PWA_SCORE=95
CI_BRANCH=master
CI_COMMIT=6179fccbc2cc6a23c54b8eee37c5673baa0ffec3
CI_COMMIT_RANGE=51a0bd2e75fd79697b11dd5ab40d01ca526e008c...4a2687b8c377a2b10cf42e8ece9326156265e59a
CI_PULL_REQUEST=27898
PROJECT_ROOT=/home/travis/build/angular/angular
KARMA_JS_BROWSERS=SL_CHROME,SL_FIREFOX,SL_CHROMEBETA,SL_IE10,SL_IE11,SL_ANDROID6,SL_ANDROID7
DISPLAY=:99.0
CXX=g++-4.8
SAUCE_USERNAME=angular-ci
BROWSER_STACK_USERNAME=angularteam1
CHROME_BIN=/home/travis/.chrome/chromium/chrome-linux/chrome
BROWSER_PROVIDER_READY_FILE=/tmp/angular-build/browser-provider-tunnel-init.lock
PATH=/home/travis/.yarn/bin:/home/travis/.rvm/gems/ruby-2.4.1/bin:/home/travis/.rvm/gems/ruby-2.4.1@global/bin:/home/travis/.rvm/rubies/ruby-2.4.1/bin:/home/travis/.rvm/bin:./node_modules/.bin:/home/travis/bin:/home/travis/.local/bin:/opt/pyenv/shims:/home/travis/.phpenv/shims:/home/travis/perl5/perlbrew/bin:/home/travis/.nvm/versions/node/v10.9.0/bin:/home/travis/.kiex/elixirs/elixir-1.4.5/bin:/home/travis/.kiex/bin:/home/travis/gopath/bin:/home/travis/.gimme/versions/go1.7.4.linux.amd64/bin:/usr/local/phantomjs/bin:/usr/local/phantomjs:/usr/local/neo4j-3.2.7/bin:/usr/local/maven-3.5.2/bin:/usr/local/cmake-3.9.2/bin:/usr/local/clang-5.0.0/bin:/usr/local/sbin:/usr/local/bin:/usr/sbin:/usr/bin:/sbin:/bin:/home/travis/.phpenv/bin:/opt/pyenv/bin:/home/travis/.yarn/bin
NODE_PATH=:/home/travis/build/angular/angular/dist/all:/home/travis/build/angular/angular/dist/tools
LOGS_DIR=/tmp/angular-build/logs
PS4=+(${CURRENT_SHELL_SOURCE_FILE}:${LINENO}): ${FUNCNAME[0]:+${FUNCNAME[0]}(): }
travis_time:end:1867bc98:start=1546902277728908009,finish=1546902277813779880,duration=84871871[0Ktravis_fold:end:before_install[0Ktravis_fold:start:install[0Ktravis_time:start:1c03840c[0K$ ./scripts/ci/install.sh

travis_fold:start:scripts--ci--install.sh----install-yarn
travis_time:start:scripts--ci--install.sh----install-yarn
===> scripts/ci/install.sh install-yarn ==>==>==>==>==>==>==>==>==>==>==>==>==>==>==>==>==>==>==>
+(scripts/ci/env.sh:34): main(): curl -o- -L https://yarnpkg.com/install.sh
+(scripts/ci/env.sh:34): main(): bash -s -- --version 1.12.1
  % Total    % Received % Xferd  Average Speed   Time    Time     Time  Current
                                 Dload  Upload   Total   Spent    Left  Speed
  0     0    0     0    0     0      0      0 --:--:-- --:--:-- --:--:--     0100  7041    0  7041    0     0  66205      0 --:--:-- --:--:-- --:--:-- 66424
[37mInstalling Yarn![0m
/usr/local/bin/yarn
(node:7118) [DEP0005] DeprecationWarning: Buffer() is deprecated due to security and usability issues. Please use the Buffer.alloc(), Buffer.allocUnsafe(), or Buffer.from() methods instead.
[33m> 1.3.2 is already installed, Specified version: 1.12.1.[0m
[36m> Downloading tarball...[0m

[1/2]: https://yarnpkg.com/downloads/1.12.1/yarn-v1.12.1.tar.gz --> /tmp/yarn.tar.gz.l3UHMh5kDB
  % Total    % Received % Xferd  Average Speed   Time    Time     Time  Current
                                 Dload  Upload   Total   Spent    Left  Speed
  0     0    0     0    0     0      0      0 --:--:-- --:--:-- --:--:--     0100    93  100    93    0     0    968      0 --:--:-- --:--:-- --:--:--   978
  0     0    0     0    0     0      0      0 --:--:-- --:--:-- --:--:--     0  0     0    0   609    0     0   1764      0 --:--:-- --:--:-- --:--:--  5536
100 1123k  100 1123k    0     0  1231k      0 --:--:-- --:--:-- --:--:-- 1231k

[2/2]: https://yarnpkg.com/downloads/1.12.1/yarn-v1.12.1.tar.gz.asc --> /tmp/yarn.tar.gz.l3UHMh5kDB.asc
100    97  100    97    0     0   2247      0 --:--:-- --:--:-- --:--:--  2247
  0     0    0   613    0     0   4891      0 --:--:-- --:--:-- --:--:--  4891
100   832  100   832    0     0   5009      0 --:--:-- --:--:-- --:--:--  5009
[36m> Verifying integrity...[0m
gpg: key 86E50310: public key "Yarn Packaging <yarn@dan.cx>" imported
gpg: Total number processed: 1
gpg:               imported: 1  (RSA: 1)
gpg: Signature made Wed 24 Oct 2018 04:49:46 PM UTC using RSA key ID B6FF4DE3
gpg: Good signature from "Yarn Packaging <yarn@dan.cx>"
gpg: Note: This key has expired!
Primary key fingerprint: 72EC F46A 56B4 AD39 C907  BBB7 1646 B01B 86E5 0310
     Subkey fingerprint: E219 30C4 D0A4 AA46 1858  1F7A E074 D16E B6FF 4DE3
[32m> GPG signature looks good[0m
[36m> Extracting to ~/.yarn...[0m
[36m> Adding to $PATH...[0m
[36m> We've added the following to your /home/travis/.bashrc
> If this isn't the profile of your current shell then please add the following to your correct profile:
   
export PATH="$HOME/.yarn/bin:$HOME/.config/yarn/global/node_modules/.bin:$PATH"
[0m
[32m> Successfully installed Yarn 1.12.1! Please open another terminal where the `yarn` command will now be available.[0m
+(scripts/ci/env.sh:35): main(): travisFoldEnd install-yarn
+(scripts/ci/env.sh:31): travisFoldEnd(): set +x
<=== scripts/ci/install.sh install-yarn <==<==<==<==<==<==<==<==<==<==<==<==<==<==<==<==<==<==<==

travis_time:end:scripts--ci--install.sh----install-yarn:start=1546902277901696787,finish=1546902281523875619,duration=3622178832
travis_fold:end:scripts--ci--install.sh----install-yarn

travis_fold:start:scripts--ci--install.sh----yarn-install
travis_time:start:scripts--ci--install.sh----yarn-install
===> scripts/ci/install.sh yarn-install ==>==>==>==>==>==>==>==>==>==>==>==>==>==>==>==>==>==>==>
+(scripts/ci/env.sh:40): main(): node tools/npm/check-node-modules --purge
:-) npm dependencies are looking good!
+(scripts/ci/env.sh:40): main(): yarn postinstall
[2K[1G[1myarn run v1.12.1[22m
[2K[1G[2m$ yarn update-webdriver && node --preserve-symlinks --preserve-symlinks-main ./tools/postinstall-patches.js[22m
[2K[1G[2m$ webdriver-manager update --gecko false $CHROMEDRIVER_VERSION_ARG[22m
[[90m23:04:42[39m] I/config_source - curl -o/home/travis/build/angular/angular/node_modules/webdriver-manager/selenium/standalone-response.xml https://selenium-release.storage.googleapis.com/
[[90m23:04:42[39m] I/config_source - curl -o/home/travis/build/angular/angular/node_modules/webdriver-manager/selenium/chrome-response.xml https://chromedriver.storage.googleapis.com/
[[90m23:04:43[39m] I/update - chromedriver: file exists /home/travis/build/angular/angular/node_modules/webdriver-manager/selenium/chromedriver_2.41.zip
[[90m23:04:43[39m] I/update - chromedriver: unzipping chromedriver_2.41.zip
[[90m23:04:43[39m] I/update - chromedriver: setting permissions to 0755 for /home/travis/build/angular/angular/node_modules/webdriver-manager/selenium/chromedriver_2.41
[[90m23:04:43[39m] I/update - chromedriver: chromedriver_2.41 up to date
[[90m23:04:43[39m] I/update - selenium standalone: file exists /home/travis/build/angular/angular/node_modules/webdriver-manager/selenium/selenium-server-standalone-3.141.59.jar
[[90m23:04:43[39m] I/update - selenium standalone: selenium-server-standalone-3.141.59.jar up to date
[2K[1GDone in 1.48s.
+(scripts/ci/env.sh:41): main(): travisFoldEnd yarn-install
+(scripts/ci/env.sh:31): travisFoldEnd(): set +x
<=== scripts/ci/install.sh yarn-install <==<==<==<==<==<==<==<==<==<==<==<==<==<==<==<==<==<==<==

travis_time:end:scripts--ci--install.sh----yarn-install:start=1546902281527441067,finish=1546902283632928630,duration=2105487563
travis_fold:end:scripts--ci--install.sh----yarn-install

travis_fold:start:scripts--ci--install.sh----install-sauceConnect
travis_time:start:scripts--ci--install.sh----install-sauceConnect
===> scripts/ci/install.sh install-sauceConnect ==>==>==>==>==>==>==>==>==>==>==>==>==>==>==>==>=
+(scripts/ci/env.sh:70): main(): /home/travis/build/angular/angular/scripts/ci/../sauce/sauce_connect_setup.sh
echo "Starting Sauce Connect in the background."
Starting Sauce Connect in the background.
sauce-connect/bin/sc -u $SAUCE_USERNAME -k $SAUCE_ACCESS_KEY $ARGS --logfile $CONNECT_LOG \
  > $CONNECT_STDOUT &
set +v
+(scripts/ci/env.sh:72): main(): travisFoldEnd install-sauceConnect
+(scripts/ci/env.sh:31): travisFoldEnd(): set +x
<=== scripts/ci/install.sh install-sauceConnect <==<==<==<==<==<==<==<==<==<==<==<==<==<==<==<==<

travis_time:end:scripts--ci--install.sh----install-sauceConnect:start=1546902283636692140,finish=1546902285599537869,duration=1962845729
travis_fold:end:scripts--ci--install.sh----install-sauceConnect

<=== scripts/ci/install.sh <==<==<==<==<==<==<==<==<==<==<==<==<==<==<==<==<==<==<==<==<==<==<==<=
<==<==<==<==<==<==<==<==<==<==<==<==<==<==<==<==<==<==<==<==<==<==<==<==<==<==<==<==<==<==<==<==<===

travis_time:end:1c03840c:start=1546902277820702092,finish=1546902285612509778,duration=7791807686[0Ktravis_fold:end:install[0Ktravis_time:start:1013a783[0K$ ./scripts/ci/build.sh

travis_fold:start:scripts--ci--build.sh----tsc--tools
travis_time:start:scripts--ci--build.sh----tsc--tools
===> scripts/ci/build.sh tsc tools ==>==>==>==>==>==>==>==>==>==>==>==>==>==>==>==>==>==>==>==>==
++(scripts/ci/env.sh:23): main(): npm bin
+(scripts/ci/env.sh:23): main(): /home/travis/build/angular/angular/node_modules/.bin/tsc -p tools
++(scripts/ci/env.sh:24): main(): npm bin
+(scripts/ci/env.sh:24): main(): /home/travis/build/angular/angular/node_modules/.bin/tsc -p packages/compiler/tsconfig-tools.json
++(scripts/ci/env.sh:25): main(): npm bin
+(scripts/ci/env.sh:25): main(): /home/travis/build/angular/angular/node_modules/.bin/tsc -p packages/compiler-cli/tsconfig-tools.json
+(scripts/ci/env.sh:26): main(): travisFoldEnd 'tsc tools'
+(scripts/ci/env.sh:31): travisFoldEnd(): set +x
<=== scripts/ci/build.sh tsc tools <==<==<==<==<==<==<==<==<==<==<==<==<==<==<==<==<==<==<==<==<=

travis_time:end:scripts--ci--build.sh----tsc--tools:start=1546902285624865040,finish=1546902306463184646,duration=20838319606
travis_fold:end:scripts--ci--build.sh----tsc--tools

travis_fold:start:scripts--ci--build.sh----tsc--all
travis_time:start:scripts--ci--build.sh----tsc--all
===> scripts/ci/build.sh tsc all ==>==>==>==>==>==>==>==>==>==>==>==>==>==>==>==>==>==>==>==>==>=
+(scripts/ci/env.sh:30): main(): node dist/tools/@angular/compiler-cli/src/main -p packages/tsconfig-metadata.json
++(scripts/ci/env.sh:31): main(): npm bin
+(scripts/ci/env.sh:31): main(): /home/travis/build/angular/angular/node_modules/.bin/tsc -p packages
++(scripts/ci/env.sh:32): main(): npm bin
+(scripts/ci/env.sh:32): main(): /home/travis/build/angular/angular/node_modules/.bin/tsc -p packages/examples
++(scripts/ci/env.sh:33): main(): npm bin
+(scripts/ci/env.sh:33): main(): /home/travis/build/angular/angular/node_modules/.bin/tsc -p modules
+(scripts/ci/env.sh:34): main(): travisFoldEnd 'tsc all'
+(scripts/ci/env.sh:31): travisFoldEnd(): set +x
<=== scripts/ci/build.sh tsc all <==<==<==<==<==<==<==<==<==<==<==<==<==<==<==<==<==<==<==<==<==<

travis_time:end:scripts--ci--build.sh----tsc--all:start=1546902306466764578,finish=1546902400942247852,duration=94475483274
travis_fold:end:scripts--ci--build.sh----tsc--all
travis_time:end:1013a783:start=1546902285619528886,finish=1546902400948294695,duration=115328765809[0K[32;1mThe command "./scripts/ci/build.sh" exited with 0.[0m

travis_time:start:097f36a7[0K$ ./scripts/ci/test.sh

travis_fold:start:--home--travis--build--angular--angular--scripts--ci--test-saucelabs.sh----test.unit.saucelabs
travis_time:start:--home--travis--build--angular--angular--scripts--ci--test-saucelabs.sh----test.unit.saucelabs
===> /home/travis/build/angular/angular/scripts/ci/test-saucelabs.sh test.unit.saucelabs ==>==>==
+(scripts/ci/env.sh:11): main(): ./scripts/sauce/sauce_connect_block.sh
Connecting to Sauce.Connected
++(scripts/ci/env.sh:12): main(): echo 9b988f434ff8-fbca-8aa4-4ae3-35442987
++(scripts/ci/env.sh:12): main(): rev
+(scripts/ci/env.sh:12): main(): SAUCE_ACCESS_KEY=78924453-3ea4-4aa8-acbf-8ff434f889b9
++(scripts/ci/env.sh:13): main(): npm bin
+(scripts/ci/env.sh:13): main(): /home/travis/build/angular/angular/node_modules/.bin/karma start ./karma-js.conf.js --single-run --browsers=SL_CHROME,SL_FIREFOX,SL_CHROMEBETA,SL_IE10,SL_IE11,SL_ANDROID6,SL_ANDROID7 --reporters dots,saucelabs
[karma-js.conf] Jasmine random seed: 28337
[33m07 01 2019 23:06:42.706:WARN [watcher]: [39mPattern "/home/travis/build/angular/angular/packages/common/i18n/**" does not match any file.
[32m07 01 2019 23:06:44.927:INFO [karma-server]: [39mKarma v3.1.4 server started at http://0.0.0.0:9876/
[32m07 01 2019 23:06:44.928:INFO [launcher]: [39mLaunching browsers SL_CHROME, SL_FIREFOX, SL_CHROMEBETA, SL_IE10, SL_IE11, SL_ANDROID6, SL_ANDROID7 with concurrency unlimited
[32m07 01 2019 23:06:44.932:INFO [launcher]: [39mStarting browser chrome 67 on SauceLabs
[32m07 01 2019 23:06:44.935:INFO [launcher]: [39mStarting browser firefox 60 on SauceLabs
[32m07 01 2019 23:06:44.936:INFO [launcher]: [39mStarting browser chrome beta on SauceLabs
[32m07 01 2019 23:06:44.936:INFO [launcher]: [39mStarting browser internet explorer 10 (Windows 2012) on SauceLabs
[32m07 01 2019 23:06:44.936:INFO [launcher]: [39mStarting browser internet explorer 11 (Windows 8.1) on SauceLabs
[32m07 01 2019 23:06:44.936:INFO [launcher]: [39mStarting browser Chrome 6.0 (Android) on SauceLabs
[32m07 01 2019 23:06:44.937:INFO [launcher]: [39mStarting browser Chrome 7.1 (Android) on SauceLabs
[32m07 01 2019 23:06:51.382:INFO [SaucelabsLauncher]: [39minternet explorer 10 (Windows 2012) session at https://saucelabs.com/tests/ce7cc4a558c3496e9d7b964dc828c4ca
[32m07 01 2019 23:06:51.971:INFO [IE 10.0.0 (Windows 8.0.0)]: [39mConnected on socket l1Hn1RIMhWO05arzAAAA with id 55153248
[32m07 01 2019 23:06:53.626:INFO [SaucelabsLauncher]: [39minternet explorer 11 (Windows 8.1) session at https://saucelabs.com/tests/cce9de6d4ccc4872a090a3947ac4b0f2
[32m07 01 2019 23:06:54.249:INFO [SaucelabsLauncher]: [39mchrome 67 session at https://saucelabs.com/tests/28fd1b95001e4d17ab66866c36627e01
[32m07 01 2019 23:06:54.272:INFO [IE 11.0.0 (Windows 8.1.0.0)]: [39mConnected on socket WqHCeiXQ8WbTbcwNAAAB with id 86226199
[32m07 01 2019 23:06:54.947:INFO [Chrome 67.0.3396 (Windows 7.0.0)]: [39mConnected on socket Tpah2zREJosP8YJjAAAC with id 40151283
[32m07 01 2019 23:06:58.537:INFO [SaucelabsLauncher]: [39mfirefox 60 session at https://saucelabs.com/tests/c23000be37264b04bf1e92e86481a14d
[32m07 01 2019 23:06:59.289:INFO [Firefox 60.0.0 (Windows 7.0.0)]: [39mConnected on socket 1CBXHIWDkXVZk0kEAAAD with id 57956651
IE 10.0.0 (Windows 8.0.0) LOG: [36m'Attempting to configure '__esModule' with descriptor '{"value":true}' on object 'undefined' and got error, giving up: TypeError: undefined is not an object!'[39m
[32m07 01 2019 23:07:01.946:INFO [SaucelabsLauncher]: [39mchrome beta session at https://saucelabs.com/tests/150804f0b95a43f5b593532434d05ac6
[32m07 01 2019 23:07:03.098:INFO [Chrome 72.0.3626 (Windows 7.0.0)]: [39mConnected on socket kefZjwd8mtgwfaLsAAAE with id 98630905
IE 10.0.0 (Windows 8.0.0) LOG: [36m'Attempting to configure '__esModule' with descriptor '{"value":true}' on object 'undefined' and got error, giving up: TypeError: undefined is not an object!'[39m
IE 11.0.0 (Windows 8.1.0.0) LOG: [36m'Attempting to configure '__esModule' with descriptor '{"value":true}' on object 'undefined' and got error, giving up: TypeError: undefined is not an object!'[39m
IE 10.0.0 (Windows 8.0.0) LOG: [36m'Running tests with document renderer...'[39m
LOG: [36m'Attempting to configure '__esModule' with descriptor '{"value":true}' on object 'undefined' and got error, giving up: TypeError: undefined is not a non-null object'[39m
..................................................
LOG: [36m'Attempting to configure '__esModule' with descriptor '{"value":true}' on object 'undefined' and got error, giving up: TypeError: undefined is not a non-null object'[39m
LOG: [36m'Running tests with document renderer...'[39m
..................................................
LOG: [36m'Attempting to configure '__esModule' with descriptor '{"value":true}' on object 'undefined' and got error, giving up: TypeError: undefined is not an object!'[39m
..................................................
IE 11.0.0 (Windows 8.1.0.0) LOG: [36m'Running tests with document renderer...'[39m
................................................................................
....................
IE 10.0.0 (Windows 8.0.0) WARN: [36m'Asset-group 'test' in 'ngsw-config.json' uses the 'versionedFiles' option.
As of v6 'versionedFiles' and 'files' options have the same behavior. Use 'files' instead.'[39m
[32m07 01 2019 23:07:11.135:INFO [SaucelabsLauncher]: [39mChrome 7.1 (Android) session at https://saucelabs.com/tests/5cdc031187cf432eb3cf0290cb5a18f6
................................................[32m07 01 2019 23:07:11.881:INFO [Chrome Mobile 67.0.3396 (Android 7.1.1)]: [39mConnected on socket o1HM_BNpgMeVWtNKAAAF with id 40596009
................................
................................................................................
................................................................................
................................................................................
...........................
Chrome 67.0.3396 (Windows 7.0.0) LOG: [36m'Attempting to configure '__esModule' with descriptor '{"value":true}' on object 'undefined' and got error, giving up: TypeError: Object.defineProperty called on non-object'[39m
................................................................................
................................................................................
................................................................................
.........................................................
Chrome 67.0.3396 (Windows 7.0.0) LOG: [36m'Attempting to configure '__esModule' with descriptor '{"value":true}' on object 'undefined' and got error, giving up: TypeError: Object.defineProperty called on non-object'[39m
..................................................
IE 11.0.0 (Windows 8.1.0.0) WARN: [36m'trackBy must be a function, but received 0. See https://angular.io/docs/ts/latest/api/common/index/NgFor-directive.html#!#change-propagation for more information.'[39m
................................................................................
....................
Chrome 67.0.3396 (Windows 7.0.0) LOG: [36m'Running tests with document renderer...'[39m
................................................................................
................................................................................
................................................................................
.......
IE 10.0.0 (Windows 8.0.0) WARN: [36m'WARNING: sanitizing unsafe URL value javascript:alert(1) (see http://g.co/ng/security#xss)'[39m
................................................................................
....................[33m07 01 2019 23:07:22.553:WARN [web-server]: [39m404: /x

IE 10.0.0 (Windows 8.0.0) WARN: [36m'WARNING: sanitizing unsafe URL value javascript:alert(1) (see http://g.co/ng/security#xss)'[39m
IE 10.0.0 (Windows 8.0.0) WARN: [36m'WARNING: sanitizing unsafe style value url(javascript:evil()) (see http://g.co/ng/security#xss).'[39m
IE 10.0.0 (Windows 8.0.0) WARN: [36m'WARNING: sanitizing unsafe URL value javascript:alert(1) (see http://g.co/ng/security#xss)'[39m
IE 10.0.0 (Windows 8.0.0) WARN: [36m'WARNING: sanitizing HTML stripped some content (see http://g.co/ng/security#xss).'[39m
IE 10.0.0 (Windows 8.0.0) WARN: [36m'WARNING: sanitizing HTML stripped some content (see http://g.co/ng/security#xss).'[39m
IE 10.0.0 (Windows 8.0.0) WARN: [36m'WARNING: sanitizing HTML stripped some content (see http://g.co/ng/security#xss).'[39m
IE 10.0.0 (Windows 8.0.0) WARN: [36m'WARNING: sanitizing unsafe URL value javascript:alert(1) (see http://g.co/ng/security#xss)'[39m
................................................................................
................................................................................
................................................................................
..........
IE 10.0.0 (Windows 8.0.0) WARN: [36m'WARNING: sanitizing HTML stripped some content (see http://g.co/ng/security#xss).'[39m
IE 10.0.0 (Windows 8.0.0) WARN: [36m'WARNING: sanitizing HTML stripped some content (see http://g.co/ng/security#xss).'[39m
IE 10.0.0 (Windows 8.0.0) WARN: [36m'WARNING: sanitizing HTML stripped some content (see http://g.co/ng/security#xss).'[39m
IE 10.0.0 (Windows 8.0.0) WARN: [36m'WARNING: sanitizing unsafe URL value javascript:alert(1) (see http://g.co/ng/security#xss)'[39m
IE 10.0.0 (Windows 8.0.0) WARN: [36m'WARNING: sanitizing unsafe URL value javascript:alert(1) (see http://g.co/ng/security#xss)'[39m
IE 10.0.0 (Windows 8.0.0) WARN: [36m'WARNING: sanitizing unsafe URL value javascript:alert(1) (see http://g.co/ng/security#xss)'[39m
..................................................
Firefox 60.0.0 (Windows 7.0.0) WARN: [36m'WARNING: sanitizing unsafe URL value javascript:alert(1) (see http://g.co/ng/security#xss)'[39m
IE 10.0.0 (Windows 8.0.0) WARN: [36m'WARNING: sanitizing unsafe URL value javascript:alert(1) (see http://g.co/ng/security#xss)'[39m
IE 10.0.0 (Windows 8.0.0) WARN: [36m'WARNING: sanitizing unsafe style value url(javascript:evil()) (see http://g.co/ng/security#xss).'[39m
[33m07 01 2019 23:07:24.072:WARN [web-server]: [39m404: /x
..................................................
Firefox 60.0.0 (Windows 7.0.0) WARN: [36m'WARNING: sanitizing unsafe URL value javascript:alert(1) (see http://g.co/ng/security#xss)'[39m
Firefox 60.0.0 (Windows 7.0.0) WARN: [36m'WARNING: sanitizing unsafe style value url(javascript:evil()) (see http://g.co/ng/security#xss).'[39m
Firefox 60.0.0 (Windows 7.0.0) WARN: [36m'WARNING: sanitizing HTML stripped some content (see http://g.co/ng/security#xss).'[39m
Firefox 60.0.0 (Windows 7.0.0) WARN: [36m'WARNING: sanitizing HTML stripped some content (see http://g.co/ng/security#xss).'[39m
Firefox 60.0.0 (Windows 7.0.0) WARN: [36m'WARNING: sanitizing HTML stripped some content (see http://g.co/ng/security#xss).'[39m
Firefox 60.0.0 (Windows 7.0.0) WARN: [36m'WARNING: sanitizing unsafe URL value javascript:alert(1) (see http://g.co/ng/security#xss)'[39m
Firefox 60.0.0 (Windows 7.0.0) WARN: [36m'WARNING: sanitizing unsafe URL value javascript:alert(1) (see http://g.co/ng/security#xss)'[39m
................................................................................
....................
IE 10.0.0 (Windows 8.0.0) WARN: [36m'WARNING: sanitizing unsafe URL value javascript:true (see http://g.co/ng/security#xss)'[39m
IE 10.0.0 (Windows 8.0.0) WARN: [36m'WARNING: sanitizing unsafe URL value javascript:true (see http://g.co/ng/security#xss)'[39m
IE 10.0.0 (Windows 8.0.0) WARN: [36m'WARNING: sanitizing unsafe URL value "http://server" (see http://g.co/ng/security#xss)'[39m
IE 10.0.0 (Windows 8.0.0) WARN: [36m'WARNING: sanitizing unsafe style value url("http://server") (see http://g.co/ng/security#xss).'[39m
................................................................................
................................................................................
................................................................................
................................................................................
................................................................................
Chrome 67.0.3396 (Windows 7.0.0) LOG: [36m'Angular is running in the development mode. Call enableProdMode() to enable the production mode.'[39m
................................................................................
................................................................................
........................................
Chrome 67.0.3396 (Windows 7.0.0) WARN: [36m'trackBy must be a function, but received 0. See https://angular.io/docs/ts/latest/api/common/index/NgFor-directive.html#!#change-propagation for more information.'[39m
................................................................................
................................................................................
................................................................................
................................................................................
................................................................................
..................................................
Chrome 67.0.3396 (Windows 7.0.0) LOG: [36m'Angular is running in the development mode. Call enableProdMode() to enable the production mode.'[39m
Chrome 67.0.3396 (Windows 7.0.0) LOG: [36m'Angular is running in the development mode. Call enableProdMode() to enable the production mode.'[39m
Chrome 67.0.3396 (Windows 7.0.0) LOG: [36m'Angular is running in the development mode. Call enableProdMode() to enable the production mode.'[39m
Chrome 67.0.3396 (Windows 7.0.0) LOG: [36m'Angular is running in the development mode. Call enableProdMode() to enable the production mode.'[39m
Chrome 67.0.3396 (Windows 7.0.0) LOG: [36m'Angular is running in the development mode. Call enableProdMode() to enable the production mode.'[39m
Chrome 67.0.3396 (Windows 7.0.0) LOG: [36m'Angular is running in the development mode. Call enableProdMode() to enable the production mode.'[39m
................................................................................
....................
Firefox 60.0.0 (Windows 7.0.0) WARN: [36m'WARNING: sanitizing unsafe URL value javascript:alert(1) (see http://g.co/ng/security#xss)'[39m
..................................................[33m07 01 2019 23:07:29.538:WARN [web-server]: [39m404: /x

Firefox 60.0.0 (Windows 7.0.0) WARN: [36m'WARNING: sanitizing unsafe URL value javascript:alert(1) (see http://g.co/ng/security#xss)'[39m
Firefox 60.0.0 (Windows 7.0.0) WARN: [36m'WARNING: sanitizing unsafe URL value javascript:alert(1) (see http://g.co/ng/security#xss)'[39m
Firefox 60.0.0 (Windows 7.0.0) WARN: [36m'WARNING: sanitizing HTML stripped some content (see http://g.co/ng/security#xss).'[39m
Firefox 60.0.0 (Windows 7.0.0) WARN: [36m'WARNING: sanitizing HTML stripped some content (see http://g.co/ng/security#xss).'[39m
Firefox 60.0.0 (Windows 7.0.0) WARN: [36m'WARNING: sanitizing HTML stripped some content (see http://g.co/ng/security#xss).'[39m
Firefox 60.0.0 (Windows 7.0.0) WARN: [36m'WARNING: sanitizing unsafe style value url(javascript:evil()) (see http://g.co/ng/security#xss).'[39m
..................................................
Firefox 60.0.0 (Windows 7.0.0) WARN: [36m'WARNING: sanitizing unsafe URL value javascript:alert(1) (see http://g.co/ng/security#xss)'[39m
..................................................
Firefox 60.0.0 (Windows 7.0.0) LOG: [36m'Angular is running in the development mode. Call enableProdMode() to enable the production mode.'[39m
................................................................................
................................................................................
................................................................................
..........
Chrome 67.0.3396 (Windows 7.0.0) LOG: [36m'Angular is running in the development mode. Call enableProdMode() to enable the production mode.'[39m
................................................................................
................................................................................
................................................................................
.......
Chrome Mobile 67.0.3396 (Android 7.1.1) LOG: [36m'Attempting to configure '__esModule' with descriptor '{"value":true}' on object 'undefined' and got error, giving up: TypeError: Object.defineProperty called on non-object'[39m
.................................................
Chrome 67.0.3396 (Windows 7.0.0) WARN: [36m'I18n comments are deprecated, use an <ng-container> element instead (file.ts@33:0)'[39m
................................................................................
....................
Chrome 67.0.3396 (Windows 7.0.0) WARN: [36m'WARNING: sanitizing unsafe URL value "http://server" (see http://g.co/ng/security#xss)'[39m
Chrome 67.0.3396 (Windows 7.0.0) WARN: [36m'WARNING: sanitizing unsafe style value url("http://server") (see http://g.co/ng/security#xss).'[39m
Chrome 67.0.3396 (Windows 7.0.0) WARN: [36m'WARNING: sanitizing unsafe URL value javascript:true (see http://g.co/ng/security#xss)'[39m
Chrome 67.0.3396 (Windows 7.0.0) WARN: [36m'WARNING: sanitizing unsafe URL value javascript:true (see http://g.co/ng/security#xss)'[39m
................................................................................
................................................................................
................................................................................
................................................................................
................................................................................
................................................................................
................................................................................
................................................................................
............................................................
Firefox 60.0.0 (Windows 7.0.0) WARN: [36m'I18n comments are deprecated, use an <ng-container> element instead (extractor spec@0:0)'[39m
..................................................
Chrome Mobile 67.0.3396 (Android 7.1.1) LOG: [36m'Attempting to configure '__esModule' with descriptor '{"value":true}' on object 'undefined' and got error, giving up: TypeError: Object.defineProperty called on non-object'[39m
................................................................................
....................
Chrome Mobile 67.0.3396 (Android 7.1.1) LOG: [36m'Running tests with document renderer...'[39m
................................................................................
................................................................................
................................................................................
................................................................................
................................................................................
................................................................................
................................................................................
................................................................................
................................................................................
..............................
Chrome Mobile 67.0.3396 (Android 7.1.1) LOG: [36m'Angular is running in the development mode. Call enableProdMode() to enable the production mode.'[39m
................................................................................
................................................................................
........................................
Chrome 72.0.3626 (Windows 7.0.0) LOG: [36m'Attempting to configure '__esModule' with descriptor '{"value":true}' on object 'undefined' and got error, giving up: TypeError: Object.defineProperty called on non-object'[39m
Chrome 72.0.3626 (Windows 7.0.0) LOG: [36m'Running tests with document renderer...'[39m
................................................................................
.....................................................................
Firefox 60.0.0 (Windows 7.0.0) LOG: [36m'Angular is running in the development mode. Call enableProdMode() to enable the production mode.'[39m
Firefox 60.0.0 (Windows 7.0.0) LOG: [36m'Angular is running in the development mode. Call enableProdMode() to enable the production mode.'[39m
Firefox 60.0.0 (Windows 7.0.0) LOG: [36m'Angular is running in the development mode. Call enableProdMode() to enable the production mode.'[39m
................................................................................
......................................................................
Firefox 60.0.0 (Windows 7.0.0) LOG: [36m'Angular is running in the development mode. Call enableProdMode() to enable the production mode.'[39m
Chrome Mobile 67.0.3396 (Android 7.1.1) WARN: [36m'trackBy must be a function, but received 0. See https://angular.io/docs/ts/latest/api/common/index/NgFor-directive.html#!#change-propagation for more information.'[39m
Firefox 60.0.0 (Windows 7.0.0) LOG: [36m'Angular is running in the development mode. Call enableProdMode() to enable the production mode.'[39m
Firefox 60.0.0 (Windows 7.0.0) LOG: [36m'Angular is running in the development mode. Call enableProdMode() to enable the production mode.'[39m
................................................................................
................................................................................
................................................................................
................................................................................
................................................................................
................................................................................
................................................................................
................................................................................
................................................................................
................................................................................
................................................................................
................................................................................
................................................................................
................................................................................
................................................................................
................................................................................
................................................................................
................................................................................
................................................................................
......................
Chrome 67.0.3396 (Windows 7.0.0) WARN: [36m'WARNING: sanitizing unsafe URL value javascript:true (see http://g.co/ng/security#xss)'[39m
Chrome 67.0.3396 (Windows 7.0.0) WARN: [36m'WARNING: sanitizing unsafe URL value javascript:true (see http://g.co/ng/security#xss)'[39m
Chrome 67.0.3396 (Windows 7.0.0) WARN: [36m'WARNING: sanitizing unsafe URL value javascript:true (see http://g.co/ng/security#xss)'[39m
Chrome 67.0.3396 (Windows 7.0.0) WARN: [36m'WARNING: sanitizing unsafe URL value javascript:true (see http://g.co/ng/security#xss)'[39m
Chrome 67.0.3396 (Windows 7.0.0) WARN: [36m'WARNING: sanitizing unsafe URL value javascript:true (see http://g.co/ng/security#xss)'[39m
Chrome 67.0.3396 (Windows 7.0.0) WARN: [36m'WARNING: sanitizing unsafe URL value javascript:true (see http://g.co/ng/security#xss)'[39m
Chrome 67.0.3396 (Windows 7.0.0) WARN: [36m'WARNING: sanitizing unsafe URL value "http://server" (see http://g.co/ng/security#xss)'[39m
Chrome 67.0.3396 (Windows 7.0.0) WARN: [36m'WARNING: sanitizing unsafe style value url("http://server") (see http://g.co/ng/security#xss).'[39m
Chrome 67.0.3396 (Windows 7.0.0) WARN: [36m'WARNING: sanitizing unsafe URL value "http://server" (see http://g.co/ng/security#xss)'[39m
Chrome 67.0.3396 (Windows 7.0.0) WARN: [36m'WARNING: sanitizing unsafe style value url("http://server") (see http://g.co/ng/security#xss).'[39m
Chrome 67.0.3396 (Windows 7.0.0) WARN: [36m'WARNING: sanitizing unsafe URL value "http://server" (see http://g.co/ng/security#xss)'[39m
Chrome 67.0.3396 (Windows 7.0.0) WARN: [36m'WARNING: sanitizing unsafe style value url("http://server") (see http://g.co/ng/security#xss).'[39m
................................................................................
................................................................................
................................................................................
................................................................................
..............................
Chrome Mobile 67.0.3396 (Android 7.1.1) WARN: [36m'I18n comments are deprecated, use an <ng-container> element instead (extractor spec@0:0)'[39m
................................................................................
................................................................................
................................................................................
................................................................................
..............................
Chrome 67.0.3396 (Windows 7.0.0) WARN: [36m'WARNING: sanitizing unsafe URL value javascript:alert(1) (see http://g.co/ng/security#xss)'[39m
[33m07 01 2019 23:07:48.750:WARN [web-server]: [39m404: /x
Chrome 67.0.3396 (Windows 7.0.0) WARN: [36m'WARNING: sanitizing unsafe style value url(javascript:evil()) (see http://g.co/ng/security#xss).'[39m
Chrome 67.0.3396 (Windows 7.0.0) WARN: [36m'WARNING: sanitizing unsafe URL value javascript:alert(1) (see http://g.co/ng/security#xss)'[39m
Chrome 67.0.3396 (Windows 7.0.0) WARN: [36m'WARNING: sanitizing unsafe URL value javascript:alert(1) (see http://g.co/ng/security#xss)'[39m
Chrome 67.0.3396 (Windows 7.0.0) WARN: [36m'WARNING: sanitizing unsafe URL value javascript:alert(1) (see http://g.co/ng/security#xss)'[39m
Chrome 67.0.3396 (Windows 7.0.0) WARN: [36m'WARNING: sanitizing HTML stripped some content (see http://g.co/ng/security#xss).'[39m
Chrome 67.0.3396 (Windows 7.0.0) WARN: [36m'WARNING: sanitizing HTML stripped some content (see http://g.co/ng/security#xss).'[39m
Chrome 67.0.3396 (Windows 7.0.0) WARN: [36m'WARNING: sanitizing HTML stripped some content (see http://g.co/ng/security#xss).'[39m
................................................................................
....................
Chrome Mobile 67.0.3396 (Android 7.1.1) LOG: [36m'Angular is running in the development mode. Call enableProdMode() to enable the production mode.'[39m
................................................................................
....................
Chrome Mobile 67.0.3396 (Android 7.1.1) LOG: [36m'Angular is running in the development mode. Call enableProdMode() to enable the production mode.'[39m
................................................................................
....................[32m07 01 2019 23:07:49.504:INFO [SaucelabsLauncher]: [39mChrome 6.0 (Android) session at https://saucelabs.com/tests/442d452115c948f890f444320611ea5f
..................................................
Chrome Mobile 67.0.3396 (Android 7.1.1) LOG: [36m'Angular is running in the development mode. Call enableProdMode() to enable the production mode.'[39m
................................................................................
....................
Chrome Mobile 67.0.3396 (Android 7.1.1) LOG: [36m'Angular is running in the development mode. Call enableProdMode() to enable the production mode.'[39m
................................................................................
....................
Chrome Mobile 67.0.3396 (Android 7.1.1) LOG: [36m'Angular is running in the development mode. Call enableProdMode() to enable the production mode.'[39m
Chrome Mobile 67.0.3396 (Android 7.1.1) LOG: [36m'Angular is running in the development mode. Call enableProdMode() to enable the production mode.'[39m
................................................................................
................................................................................
................................................................................
................................................................................
................................................................................
................................................................................
..................
Chrome 67.0.3396 (Windows 7.0.0) WARN: [36m'Asset-group 'test' in 'ngsw-config.json' uses the 'versionedFiles' option.
As of v6 'versionedFiles' and 'files' options have the same behavior. Use 'files' instead.'[39m
................................................................................
................................................................................
................................................................................
..........................................................
Chrome 72.0.3626 (Windows 7.0.0) WARN: [36m'WARNING: sanitizing unsafe URL value javascript:alert(1) (see http://g.co/ng/security#xss)'[39m
[33m07 01 2019 23:07:52.010:WARN [web-server]: [39m404: /x
Chrome 72.0.3626 (Windows 7.0.0) WARN: [36m'WARNING: sanitizing unsafe URL value javascript:alert(1) (see http://g.co/ng/security#xss)'[39m
Chrome 72.0.3626 (Windows 7.0.0) WARN: [36m'WARNING: sanitizing unsafe URL value javascript:alert(1) (see http://g.co/ng/security#xss)'[39m
Chrome 72.0.3626 (Windows 7.0.0) WARN: [36m'WARNING: sanitizing unsafe style value url(javascript:evil()) (see http://g.co/ng/security#xss).'[39m
Chrome 72.0.3626 (Windows 7.0.0) WARN: [36m'WARNING: sanitizing HTML stripped some content (see http://g.co/ng/security#xss).'[39m
Chrome 72.0.3626 (Windows 7.0.0) WARN: [36m'WARNING: sanitizing HTML stripped some content (see http://g.co/ng/security#xss).'[39m
Chrome 72.0.3626 (Windows 7.0.0) WARN: [36m'WARNING: sanitizing HTML stripped some content (see http://g.co/ng/security#xss).'[39m
Chrome 72.0.3626 (Windows 7.0.0) WARN: [36m'WARNING: sanitizing unsafe URL value javascript:alert(1) (see http://g.co/ng/security#xss)'[39m
[32m07 01 2019 23:07:52.226:INFO [Chrome Mobile 67.0.3396 (Android 6.0.0)]: [39mConnected on socket vzipF8ZwB2nXocirAAAI with id 34936919
................................................................................
...................
Chrome 72.0.3626 (Windows 7.0.0) WARN: [36m'trackBy must be a function, but received 0. See https://angular.io/docs/ts/latest/api/common/index/NgFor-directive.html#!#change-propagation for more information.'[39m
................................................................................
................................................................................
................................................................................
................................................................................
................................................................................
Chrome Mobile 67.0.3396 (Android 7.1.1) LOG: [36m'Angular is running in the development mode. Call enableProdMode() to enable the production mode.'[39m
................................................................................
................................................................................
................................................................................
................................................................................
................................................................................
................................................................................
................................................................................
................................................................................
................................................................................
................................................................................
................................................................................
................................................................................
....................................
IE 11.0.0 (Windows 8.1.0.0) WARN: [36m'I18n comments are deprecated, use an <ng-container> element instead (extractor spec@0:0)'[39m
................................................................................
................................................................................
................................................................................
................................................................................
................................................................................
................................................................................
.....................................................................
Chrome 67.0.3396 (Windows 7.0.0) WARN: [36m'WARNING: sanitizing unsafe URL value javascript:alert(1) (see http://g.co/ng/security#xss)'[39m
[33m07 01 2019 23:07:58.770:WARN [web-server]: [39m404: /x
Chrome 67.0.3396 (Windows 7.0.0) WARN: [36m'WARNING: sanitizing unsafe URL value javascript:alert(1) (see http://g.co/ng/security#xss)'[39m
Chrome 67.0.3396 (Windows 7.0.0) WARN: [36m'WARNING: sanitizing HTML stripped some content (see http://g.co/ng/security#xss).'[39m
Chrome 67.0.3396 (Windows 7.0.0) WARN: [36m'WARNING: sanitizing HTML stripped some content (see http://g.co/ng/security#xss).'[39m
Chrome 67.0.3396 (Windows 7.0.0) WARN: [36m'WARNING: sanitizing HTML stripped some content (see http://g.co/ng/security#xss).'[39m
Chrome 67.0.3396 (Windows 7.0.0) WARN: [36m'WARNING: sanitizing unsafe style value url(javascript:evil()) (see http://g.co/ng/security#xss).'[39m
Chrome 67.0.3396 (Windows 7.0.0) WARN: [36m'WARNING: sanitizing unsafe URL value javascript:alert(1) (see http://g.co/ng/security#xss)'[39m
Chrome 67.0.3396 (Windows 7.0.0) WARN: [36m'WARNING: sanitizing unsafe URL value javascript:alert(1) (see http://g.co/ng/security#xss)'[39m
................................................................................
................................................................................
................................................................................
................................................................................
................................................................................
................................................................................
................................................................................
...................................
Chrome Mobile 67.0.3396 (Android 7.1.1) WARN: [36m'WARNING: sanitizing unsafe URL value "http://server" (see http://g.co/ng/security#xss)'[39m
Chrome Mobile 67.0.3396 (Android 7.1.1) WARN: [36m'WARNING: sanitizing unsafe style value url("http://server") (see http://g.co/ng/security#xss).'[39m
Chrome Mobile 67.0.3396 (Android 7.1.1) WARN: [36m'WARNING: sanitizing unsafe URL value javascript:true (see http://g.co/ng/security#xss)'[39m
Chrome Mobile 67.0.3396 (Android 7.1.1) WARN: [36m'WARNING: sanitizing unsafe URL value javascript:true (see http://g.co/ng/security#xss)'[39m
................................................................................
................................................................................
................................................................................
...........................................................
Chrome 72.0.3626 (Windows 7.0.0) LOG: [36m'Angular is running in the development mode. Call enableProdMode() to enable the production mode.'[39m
..................................................
Chrome 72.0.3626 (Windows 7.0.0) LOG: [36m'Angular is running in the development mode. Call enableProdMode() to enable the production mode.'[39m
Chrome 72.0.3626 (Windows 7.0.0) LOG: [36m'Angular is running in the development mode. Call enableProdMode() to enable the production mode.'[39m
Chrome 72.0.3626 (Windows 7.0.0) LOG: [36m'Angular is running in the development mode. Call enableProdMode() to enable the production mode.'[39m
Chrome 72.0.3626 (Windows 7.0.0) LOG: [36m'Angular is running in the development mode. Call enableProdMode() to enable the production mode.'[39m
................................................................................
................................................................................
................................................................................
............................................................
Firefox 60.0.0 (Windows 7.0.0) WARN: [36m'WARNING: sanitizing unsafe URL value javascript:true (see http://g.co/ng/security#xss)'[39m
Firefox 60.0.0 (Windows 7.0.0) WARN: [36m'WARNING: sanitizing unsafe URL value javascript:true (see http://g.co/ng/security#xss)'[39m
Firefox 60.0.0 (Windows 7.0.0) WARN: [36m'WARNING: sanitizing unsafe URL value javascript:true (see http://g.co/ng/security#xss)'[39m
Firefox 60.0.0 (Windows 7.0.0) WARN: [36m'WARNING: sanitizing unsafe URL value "http://server" (see http://g.co/ng/security#xss)'[39m
Firefox 60.0.0 (Windows 7.0.0) WARN: [36m'WARNING: sanitizing unsafe style value url("http://server") (see http://g.co/ng/security#xss).'[39m
Firefox 60.0.0 (Windows 7.0.0) WARN: [36m'WARNING: sanitizing unsafe URL value "http://server" (see http://g.co/ng/security#xss)'[39m
Firefox 60.0.0 (Windows 7.0.0) WARN: [36m'WARNING: sanitizing unsafe style value url("http://server") (see http://g.co/ng/security#xss).'[39m
Firefox 60.0.0 (Windows 7.0.0) WARN: [36m'WARNING: sanitizing unsafe URL value "http://server" (see http://g.co/ng/security#xss)'[39m
Firefox 60.0.0 (Windows 7.0.0) WARN: [36m'WARNING: sanitizing unsafe style value url("http://server") (see http://g.co/ng/security#xss).'[39m
Firefox 60.0.0 (Windows 7.0.0) WARN: [36m'WARNING: sanitizing unsafe URL value javascript:true (see http://g.co/ng/security#xss)'[39m
Firefox 60.0.0 (Windows 7.0.0) WARN: [36m'WARNING: sanitizing unsafe URL value javascript:true (see http://g.co/ng/security#xss)'[39m
Firefox 60.0.0 (Windows 7.0.0) WARN: [36m'WARNING: sanitizing unsafe URL value javascript:true (see http://g.co/ng/security#xss)'[39m
................................................................................
....................
Chrome 72.0.3626 (Windows 7.0.0) LOG: [36m'Angular is running in the development mode. Call enableProdMode() to enable the production mode.'[39m
................................................................................
................................................................................
................................................................................
................................................................................
............................................................................
Chrome 72.0.3626 (Windows 7.0.0) WARN: [36m'I18n comments are deprecated, use an <ng-container> element instead (file.ts@3:0)'[39m
..................................................
Chrome 67.0.3396 (Windows 7.0.0) LOG: [36m'ran 257595 change detection cycles'[39m
................................................................................
....................
Chrome 72.0.3626 (Windows 7.0.0) WARN: [36m'Asset-group 'test' in 'ngsw-config.json' uses the 'versionedFiles' option.
As of v6 'versionedFiles' and 'files' options have the same behavior. Use 'files' instead.'[39m
Chrome 72.0.3626 (Windows 7.0.0) WARN: [36m'WARNING: sanitizing unsafe URL value javascript:true (see http://g.co/ng/security#xss)'[39m
Chrome 72.0.3626 (Windows 7.0.0) WARN: [36m'WARNING: sanitizing unsafe URL value "http://server" (see http://g.co/ng/security#xss)'[39m
Chrome 72.0.3626 (Windows 7.0.0) WARN: [36m'WARNING: sanitizing unsafe style value url("http://server") (see http://g.co/ng/security#xss).'[39m
Chrome 72.0.3626 (Windows 7.0.0) WARN: [36m'WARNING: sanitizing unsafe URL value javascript:true (see http://g.co/ng/security#xss)'[39m
................................................................................
....................
Chrome 67.0.3396 (Windows 7.0.0) LOG: [36m'0.00 ms per check'[39m
Chrome 67.0.3396 (Windows 7.0.0) LOG: [36m'ran 159143 change detection cycles'[39m
Chrome 67.0.3396 (Windows 7.0.0) LOG: [36m'0.00 ms per check'[39m
................................................................................
................................................................................
................................................................................
................................................................................
................................................................................
................................................................................
................................................................................
................................................................................
................................................................................
................................................................................
................................................................................
................................................................................
......................................[33m07 01 2019 23:08:10.936:WARN [web-server]: [39m404: /non-existent.html
..........................................
................................................................................
................................................................................
................................................................................
..................[33m07 01 2019 23:08:12.913:WARN [web-server]: [39m404: /bad/path/404.html
..............................................................
................................................................................
................................................................................
................................................................................
................................................................................
................................................................................
................................................................................
................................................................................
................................................................................
................................................................................
................................................................................
................................................................................
................................................................................
.............................................................................
Chrome Mobile 67.0.3396 (Android 6.0.0) LOG: [36m'Attempting to configure '__esModule' with descriptor '{"value":true}' on object 'undefined' and got error, giving up: TypeError: Object.defineProperty called on non-object'[39m
................................................................................
................................................................................
................................................................................
................................................................................
................................................................................
................................................................................
................................................................................
................................................................................
................................................................................
................................................................................
..................................................
Chrome Mobile 67.0.3396 (Android 7.1.1) WARN: [36m'WARNING: sanitizing unsafe URL value javascript:true (see http://g.co/ng/security#xss)'[39m
Chrome Mobile 67.0.3396 (Android 7.1.1) WARN: [36m'WARNING: sanitizing unsafe URL value javascript:true (see http://g.co/ng/security#xss)'[39m
Chrome Mobile 67.0.3396 (Android 7.1.1) WARN: [36m'WARNING: sanitizing unsafe URL value javascript:true (see http://g.co/ng/security#xss)'[39m
Chrome Mobile 67.0.3396 (Android 7.1.1) WARN: [36m'WARNING: sanitizing unsafe URL value javascript:true (see http://g.co/ng/security#xss)'[39m
Chrome Mobile 67.0.3396 (Android 7.1.1) WARN: [36m'WARNING: sanitizing unsafe URL value javascript:true (see http://g.co/ng/security#xss)'[39m
Chrome Mobile 67.0.3396 (Android 7.1.1) WARN: [36m'WARNING: sanitizing unsafe URL value javascript:true (see http://g.co/ng/security#xss)'[39m
Chrome Mobile 67.0.3396 (Android 7.1.1) WARN: [36m'WARNING: sanitizing unsafe URL value "http://server" (see http://g.co/ng/security#xss)'[39m
Chrome Mobile 67.0.3396 (Android 7.1.1) WARN: [36m'WARNING: sanitizing unsafe style value url("http://server") (see http://g.co/ng/security#xss).'[39m
Chrome Mobile 67.0.3396 (Android 7.1.1) WARN: [36m'WARNING: sanitizing unsafe URL value "http://server" (see http://g.co/ng/security#xss)'[39m
Chrome Mobile 67.0.3396 (Android 7.1.1) WARN: [36m'WARNING: sanitizing unsafe style value url("http://server") (see http://g.co/ng/security#xss).'[39m
Chrome Mobile 67.0.3396 (Android 7.1.1) WARN: [36m'WARNING: sanitizing unsafe URL value "http://server" (see http://g.co/ng/security#xss)'[39m
Chrome Mobile 67.0.3396 (Android 7.1.1) WARN: [36m'WARNING: sanitizing unsafe style value url("http://server") (see http://g.co/ng/security#xss).'[39m
................................................................................
................................................................................
.....................................................................
Chrome 67.0.3396 (Windows 7.0.0): Executed 6064 of 6079 (skipped 15)[32m SUCCESS[39m (56.685 secs / 44.261 secs)
................................................................................
................................................................................
................................................................................
..........
Chrome Mobile 67.0.3396 (Android 7.1.1) WARN: [36m'WARNING: sanitizing HTML stripped some content (see http://g.co/ng/security#xss).'[39m
[33m07 01 2019 23:08:18.264:WARN [web-server]: [39m404: /x
Chrome Mobile 67.0.3396 (Android 7.1.1) WARN: [36m'WARNING: sanitizing HTML stripped some content (see http://g.co/ng/security#xss).'[39m
Chrome Mobile 67.0.3396 (Android 7.1.1) WARN: [36m'WARNING: sanitizing HTML stripped some content (see http://g.co/ng/security#xss).'[39m
Chrome Mobile 67.0.3396 (Android 7.1.1) WARN: [36m'WARNING: sanitizing unsafe URL value javascript:alert(1) (see http://g.co/ng/security#xss)'[39m
Chrome Mobile 67.0.3396 (Android 7.1.1) WARN: [36m'WARNING: sanitizing unsafe URL value javascript:alert(1) (see http://g.co/ng/security#xss)'[39m
Chrome Mobile 67.0.3396 (Android 7.1.1) WARN: [36m'WARNING: sanitizing unsafe URL value javascript:alert(1) (see http://g.co/ng/security#xss)'[39m
Chrome Mobile 67.0.3396 (Android 7.1.1) WARN: [36m'WARNING: sanitizing unsafe URL value javascript:alert(1) (see http://g.co/ng/security#xss)'[39m
Chrome Mobile 67.0.3396 (Android 7.1.1) WARN: [36m'WARNING: sanitizing unsafe style value url(javascript:evil()) (see http://g.co/ng/security#xss).'[39m
................................................................................
................................................................................
................................................................................
..........
Chrome Mobile 67.0.3396 (Android 6.0.0) LOG: [36m'Attempting to configure '__esModule' with descriptor '{"value":true}' on object 'undefined' and got error, giving up: TypeError: Object.defineProperty called on non-object'[39m
................................................................................
................................................................................
........................................
Firefox 60.0.0 (Windows 7.0.0) LOG: [36m'Angular is running in the development mode. Call enableProdMode() to enable the production mode.'[39m
................................................................................
.....................................................................
Chrome Mobile 67.0.3396 (Android 6.0.0) LOG: [36m'Running tests with document renderer...'[39m
..................................................
Chrome 72.0.3626 (Windows 7.0.0) WARN: [36m'WARNING: sanitizing unsafe URL value javascript:true (see http://g.co/ng/security#xss)'[39m
Chrome 72.0.3626 (Windows 7.0.0) WARN: [36m'WARNING: sanitizing unsafe URL value javascript:true (see http://g.co/ng/security#xss)'[39m
Chrome 72.0.3626 (Windows 7.0.0) WARN: [36m'WARNING: sanitizing unsafe URL value javascript:true (see http://g.co/ng/security#xss)'[39m
Chrome 72.0.3626 (Windows 7.0.0) WARN: [36m'WARNING: sanitizing unsafe URL value javascript:true (see http://g.co/ng/security#xss)'[39m
Chrome 72.0.3626 (Windows 7.0.0) WARN: [36m'WARNING: sanitizing unsafe URL value javascript:true (see http://g.co/ng/security#xss)'[39m
Chrome 72.0.3626 (Windows 7.0.0) WARN: [36m'WARNING: sanitizing unsafe URL value javascript:true (see http://g.co/ng/security#xss)'[39m
Chrome 72.0.3626 (Windows 7.0.0) WARN: [36m'WARNING: sanitizing unsafe URL value "http://server" (see http://g.co/ng/security#xss)'[39m
Chrome 72.0.3626 (Windows 7.0.0) WARN: [36m'WARNING: sanitizing unsafe style value url("http://server") (see http://g.co/ng/security#xss).'[39m
Chrome 72.0.3626 (Windows 7.0.0) WARN: [36m'WARNING: sanitizing unsafe URL value "http://server" (see http://g.co/ng/security#xss)'[39m
Chrome 72.0.3626 (Windows 7.0.0) WARN: [36m'WARNING: sanitizing unsafe style value url("http://server") (see http://g.co/ng/security#xss).'[39m
Chrome 72.0.3626 (Windows 7.0.0) WARN: [36m'WARNING: sanitizing unsafe URL value "http://server" (see http://g.co/ng/security#xss)'[39m
Chrome 72.0.3626 (Windows 7.0.0) WARN: [36m'WARNING: sanitizing unsafe style value url("http://server") (see http://g.co/ng/security#xss).'[39m
................................................................................
................................................................................
........................................
Chrome 72.0.3626 (Windows 7.0.0) LOG: [36m'Angular is running in the development mode. Call enableProdMode() to enable the production mode.'[39m
................................................................................
................................................................................
................................................................................
................................................................................
................................................................................
................................................................................
................................................................................
................................................................................
................................................................................
................................................................................
................................................................................
...................
Chrome Mobile 67.0.3396 (Android 6.0.0) LOG: [36m'Angular is running in the development mode. Call enableProdMode() to enable the production mode.'[39m
................................................................................
................................................................................
................................................................................
............................................................
Firefox 60.0.0 (Windows 7.0.0) WARN: [36m'trackBy must be a function, but received 0. See https://angular.io/docs/ts/latest/api/common/index/NgFor-directive.html#!#change-propagation for more information.'[39m
................................................................................
......................................................................
Chrome Mobile 67.0.3396 (Android 7.1.1) WARN: [36m'Asset-group 'test' in 'ngsw-config.json' uses the 'versionedFiles' option.
As of v6 'versionedFiles' and 'files' options have the same behavior. Use 'files' instead.'[39m
................................................................................
................................................................................
................................................................................
............................................................[33m07 01 2019 23:08:25.559:WARN [web-server]: [39m404: /x

Chrome Mobile 67.0.3396 (Android 6.0.0) WARN: [36m'WARNING: sanitizing unsafe URL value javascript:alert(1) (see http://g.co/ng/security#xss)'[39m
Chrome Mobile 67.0.3396 (Android 6.0.0) WARN: [36m'WARNING: sanitizing HTML stripped some content (see http://g.co/ng/security#xss).'[39m
Chrome Mobile 67.0.3396 (Android 6.0.0) WARN: [36m'WARNING: sanitizing HTML stripped some content (see http://g.co/ng/security#xss).'[39m
Chrome Mobile 67.0.3396 (Android 6.0.0) WARN: [36m'WARNING: sanitizing HTML stripped some content (see http://g.co/ng/security#xss).'[39m
..................................................
Firefox 60.0.0 (Windows 7.0.0) WARN: [36m'Asset-group 'test' in 'ngsw-config.json' uses the 'versionedFiles' option.
As of v6 'versionedFiles' and 'files' options have the same behavior. Use 'files' instead.'[39m
Chrome Mobile 67.0.3396 (Android 6.0.0) WARN: [36m'WARNING: sanitizing unsafe URL value javascript:alert(1) (see http://g.co/ng/security#xss)'[39m
Chrome Mobile 67.0.3396 (Android 6.0.0) WARN: [36m'WARNING: sanitizing unsafe URL value javascript:alert(1) (see http://g.co/ng/security#xss)'[39m
..................................................
Chrome Mobile 67.0.3396 (Android 6.0.0) WARN: [36m'WARNING: sanitizing unsafe style value url(javascript:evil()) (see http://g.co/ng/security#xss).'[39m
Chrome Mobile 67.0.3396 (Android 6.0.0) WARN: [36m'WARNING: sanitizing unsafe URL value javascript:alert(1) (see http://g.co/ng/security#xss)'[39m
................................................................................
....................
Chrome 72.0.3626 (Windows 7.0.0) LOG: [36m'ran 311014 change detection cycles'[39m
Chrome 72.0.3626 (Windows 7.0.0) LOG: [36m'0.00 ms per check'[39m
................................................................................
....................
Chrome 72.0.3626 (Windows 7.0.0) LOG: [36m'ran 316748 change detection cycles'[39m
Chrome 72.0.3626 (Windows 7.0.0) LOG: [36m'0.00 ms per check'[39m
................................................................................
................................................................................
................................................................................
............................................................
Firefox 60.0.0 (Windows 7.0.0) WARN: [36m'WARNING: sanitizing unsafe URL value "http://server" (see http://g.co/ng/security#xss)'[39m
..................................................
Firefox 60.0.0 (Windows 7.0.0) WARN: [36m'WARNING: sanitizing unsafe style value url("http://server") (see http://g.co/ng/security#xss).'[39m
Firefox 60.0.0 (Windows 7.0.0) WARN: [36m'WARNING: sanitizing unsafe URL value javascript:true (see http://g.co/ng/security#xss)'[39m
..................................................
Firefox 60.0.0 (Windows 7.0.0) WARN: [36m'WARNING: sanitizing unsafe URL value javascript:true (see http://g.co/ng/security#xss)'[39m
................................................................................
................................................................................
................................................................................
................................................................................
................................................................................
................................................................................
................................................................................
................................................................................
................................................................................
................................................................................
................................................................................
................................................................................
................................................................................
................................................................................
................................................................................
................................................................................
................................................................................
................................................................................
................................................................................
................................................................................
................................................................................
................................................................................
................................................................................
.....
IE 10.0.0 (Windows 8.0.0) WARN: [36m'I18n comments are deprecated, use an <ng-container> element instead (file.ts@33:0)'[39m
................................................................................
................................................................................
........................................
Chrome Mobile 67.0.3396 (Android 6.0.0) WARN: [36m'trackBy must be a function, but received 0. See https://angular.io/docs/ts/latest/api/common/index/NgFor-directive.html#!#change-propagation for more information.'[39m
..................................................[33m07 01 2019 23:08:34.870:WARN [web-server]: [39m404: /x
..............................
....................
Chrome Mobile 67.0.3396 (Android 7.1.1) WARN: [36m'WARNING: sanitizing unsafe URL value javascript:alert(1) (see http://g.co/ng/security#xss)'[39m
Chrome Mobile 67.0.3396 (Android 7.1.1) WARN: [36m'WARNING: sanitizing unsafe URL value javascript:alert(1) (see http://g.co/ng/security#xss)'[39m
Chrome Mobile 67.0.3396 (Android 7.1.1) WARN: [36m'WARNING: sanitizing unsafe URL value javascript:alert(1) (see http://g.co/ng/security#xss)'[39m
Chrome Mobile 67.0.3396 (Android 7.1.1) WARN: [36m'WARNING: sanitizing unsafe style value url(javascript:evil()) (see http://g.co/ng/security#xss).'[39m
Chrome Mobile 67.0.3396 (Android 7.1.1) WARN: [36m'WARNING: sanitizing HTML stripped some content (see http://g.co/ng/security#xss).'[39m
Chrome Mobile 67.0.3396 (Android 7.1.1) WARN: [36m'WARNING: sanitizing HTML stripped some content (see http://g.co/ng/security#xss).'[39m
Chrome Mobile 67.0.3396 (Android 7.1.1) WARN: [36m'WARNING: sanitizing HTML stripped some content (see http://g.co/ng/security#xss).'[39m
Chrome Mobile 67.0.3396 (Android 7.1.1) WARN: [36m'WARNING: sanitizing unsafe URL value javascript:alert(1) (see http://g.co/ng/security#xss)'[39m
................................................................................
................................................................................
................................................................................
................................................................................
................................................................................
................................................................................
................................................................................
................................................................................
................................................................................
................................................................................
................................................................................
....................................................................
IE 10.0.0 (Windows 8.0.0) WARN: [36m'trackBy must be a function, but received 0. See https://angular.io/docs/ts/latest/api/common/index/NgFor-directive.html#!#change-propagation for more information.'[39m
................................................................................
................................................................................
................................................................................
................................................................................
..............................
Chrome Mobile 67.0.3396 (Android 7.1.1) LOG: [36m'ran 168439 change detection cycles'[39m
Chrome Mobile 67.0.3396 (Android 7.1.1) LOG: [36m'0.00 ms per check'[39m
................................................................................
................................................................................
................................................................................
................................................................................
..............................
Chrome Mobile 67.0.3396 (Android 6.0.0) WARN: [36m'WARNING: sanitizing unsafe style value url(javascript:evil()) (see http://g.co/ng/security#xss).'[39m
Chrome Mobile 67.0.3396 (Android 7.1.1) LOG: [36m'ran 148673 change detection cycles'[39m
Chrome Mobile 67.0.3396 (Android 7.1.1) LOG: [36m'0.00 ms per check'[39m
................................................................................
................................................................................
................................................................................
..........[33m07 01 2019 23:08:39.151:WARN [web-server]: [39m404: /x

Chrome Mobile 67.0.3396 (Android 6.0.0) WARN: [36m'WARNING: sanitizing HTML stripped some content (see http://g.co/ng/security#xss).'[39m
Chrome Mobile 67.0.3396 (Android 6.0.0) WARN: [36m'WARNING: sanitizing HTML stripped some content (see http://g.co/ng/security#xss).'[39m
Chrome Mobile 67.0.3396 (Android 6.0.0) WARN: [36m'WARNING: sanitizing HTML stripped some content (see http://g.co/ng/security#xss).'[39m
Chrome Mobile 67.0.3396 (Android 6.0.0) WARN: [36m'WARNING: sanitizing unsafe URL value javascript:alert(1) (see http://g.co/ng/security#xss)'[39m
Chrome Mobile 67.0.3396 (Android 6.0.0) WARN: [36m'WARNING: sanitizing unsafe URL value javascript:alert(1) (see http://g.co/ng/security#xss)'[39m
................................................................................
................................................................................
......................................
Chrome Mobile 67.0.3396 (Android 6.0.0) WARN: [36m'WARNING: sanitizing unsafe URL value javascript:alert(1) (see http://g.co/ng/security#xss)'[39m
Chrome Mobile 67.0.3396 (Android 6.0.0) WARN: [36m'WARNING: sanitizing unsafe URL value javascript:alert(1) (see http://g.co/ng/security#xss)'[39m
................................................................................
................................................................................
................................................................................
................................................................................
................................................................................
................................................................................
................................................................................
................................................................................
............................................................[33m07 01 2019 23:08:41.075:WARN [web-server]: [39m404: /non-existent.html
....................
.............................
Chrome 72.0.3626 (Windows 7.0.0) LOG: [36m'Angular is running in the development mode. Call enableProdMode() to enable the production mode.'[39m
................................................................................
....................[33m07 01 2019 23:08:41.602:WARN [web-server]: [39m404: /x
............................................................
........................................
Chrome 72.0.3626 (Windows 7.0.0) WARN: [36m'WARNING: sanitizing unsafe URL value javascript:alert(1) (see http://g.co/ng/security#xss)'[39m
Chrome 72.0.3626 (Windows 7.0.0) WARN: [36m'WARNING: sanitizing unsafe URL value javascript:alert(1) (see http://g.co/ng/security#xss)'[39m
..................................................
Chrome 72.0.3626 (Windows 7.0.0) WARN: [36m'WARNING: sanitizing unsafe style value url(javascript:evil()) (see http://g.co/ng/security#xss).'[39m
Chrome 72.0.3626 (Windows 7.0.0) WARN: [36m'WARNING: sanitizing HTML stripped some content (see http://g.co/ng/security#xss).'[39m
Chrome 72.0.3626 (Windows 7.0.0) WARN: [36m'WARNING: sanitizing HTML stripped some content (see http://g.co/ng/security#xss).'[39m
Chrome 72.0.3626 (Windows 7.0.0) WARN: [36m'WARNING: sanitizing HTML stripped some content (see http://g.co/ng/security#xss).'[39m
Chrome 72.0.3626 (Windows 7.0.0) WARN: [36m'WARNING: sanitizing unsafe URL value javascript:alert(1) (see http://g.co/ng/security#xss)'[39m
Chrome 72.0.3626 (Windows 7.0.0) WARN: [36m'WARNING: sanitizing unsafe URL value javascript:alert(1) (see http://g.co/ng/security#xss)'[39m
................................................................................
................................................................................
................................................................................
................................................................................
................................................................................
................................................................................
................................................................................
................................
[31mFirefox 60.0.0 (Windows 7.0.0) upgrade angular1_providers injectorFactory should throw if the injector value has not been set yet FAILED[39m
	Expected function to throw an Error.
	<Jasmine>
	@packages/upgrade/test/static/angular1_providers_spec.ts:33:8 <- dist/all/@angular/upgrade/test/static/angular1_providers_spec.js:29:17
	ZoneDelegate.prototype.invoke@node_modules/zone.js/dist/zone.js:388:17
	ProxyZoneSpec.prototype.onInvoke@node_modules/zone.js/dist/zone-testing.js:288:20
	ZoneDelegate.prototype.invoke@node_modules/zone.js/dist/zone.js:387:17
	Zone.prototype.run@node_modules/zone.js/dist/zone.js:138:24
	runInTestZone@node_modules/zone.js/dist/zone-testing.js:509:20
	wrapTestInZone/<@node_modules/zone.js/dist/zone-testing.js:524:20
	<Jasmine>
	ZoneDelegate.prototype.invokeTask@node_modules/zone.js/dist/zone.js:421:17
	Zone.prototype.runTask@node_modules/zone.js/dist/zone.js:188:28
	drainMicroTaskQueue@node_modules/zone.js/dist/zone.js:595:25
	run@node_modules/core-js/client/core.js:6252:22
	notify/<@node_modules/core-js/client/core.js:6269:30
	flush@node_modules/core-js/client/core.js:2471:9
................................................................................
........................[33m07 01 2019 23:08:43.887:WARN [web-server]: [39m404: /non-existent.html
........................................................
................................................................................
................................................................................
................................................................................
......................................................[33m07 01 2019 23:08:44.560:WARN [web-server]: [39m404: /non-existent.html
..........................
................................................................................
................................................................................
................................................................................
................................................................................
................................................................................
......................
IE 10.0.0 (Windows 8.0.0) LOG: [36m'ran 20292 change detection cycles'[39m
................................................................................
......................................................................
IE 11.0.0 (Windows 8.1.0.0) WARN: [36m'WARNING: sanitizing HTML stripped some content (see http://g.co/ng/security#xss).'[39m
..................................................
IE 11.0.0 (Windows 8.1.0.0) WARN: [36m'WARNING: sanitizing HTML stripped some content (see http://g.co/ng/security#xss).'[39m
IE 11.0.0 (Windows 8.1.0.0) WARN: [36m'WARNING: sanitizing HTML stripped some content (see http://g.co/ng/security#xss).'[39m
IE 11.0.0 (Windows 8.1.0.0) WARN: [36m'WARNING: sanitizing unsafe URL value javascript:alert(1) (see http://g.co/ng/security#xss)'[39m
IE 11.0.0 (Windows 8.1.0.0) WARN: [36m'WARNING: sanitizing unsafe style value url(javascript:evil()) (see http://g.co/ng/security#xss).'[39m
IE 11.0.0 (Windows 8.1.0.0) WARN: [36m'WARNING: sanitizing unsafe URL value javascript:alert(1) (see http://g.co/ng/security#xss)'[39m
IE 11.0.0 (Windows 8.1.0.0) WARN: [36m'WARNING: sanitizing unsafe URL value javascript:alert(1) (see http://g.co/ng/security#xss)'[39m
IE 11.0.0 (Windows 8.1.0.0) WARN: [36m'WARNING: sanitizing unsafe URL value javascript:alert(1) (see http://g.co/ng/security#xss)'[39m
................................................................................
................................................................................
................................................................................
.......
IE 10.0.0 (Windows 8.0.0) LOG: [36m'0.02 ms per check'[39m
IE 10.0.0 (Windows 8.0.0) LOG: [36m'ran 40042 change detection cycles'[39m
IE 10.0.0 (Windows 8.0.0) LOG: [36m'0.01 ms per check'[39m
................................................................................
......................................................................[33m07 01 2019 23:08:47.278:WARN [web-server]: [39m404: /bad/path/404.html
..........
................................................................................
................................................................................
............................
IE 11.0.0 (Windows 8.1.0.0) LOG: [36m'ran 27346 change detection cycles'[39m
..................................................
IE 11.0.0 (Windows 8.1.0.0) LOG: [36m'0.02 ms per check'[39m
IE 11.0.0 (Windows 8.1.0.0) LOG: [36m'ran 23032 change detection cycles'[39m
IE 11.0.0 (Windows 8.1.0.0) LOG: [36m'0.02 ms per check'[39m
IE 11.0.0 (Windows 8.1.0.0) LOG: [36m'Angular is running in the development mode. Call enableProdMode() to enable the production mode.'[39m
..................................................
IE 11.0.0 (Windows 8.1.0.0) LOG: [36m'Angular is running in the development mode. Call enableProdMode() to enable the production mode.'[39m
................................................................................
................................................................................
................................................................................
................................................................................
................................................................................
................................................................................
..................
IE 11.0.0 (Windows 8.1.0.0) LOG: [36m'Angular is running in the development mode. Call enableProdMode() to enable the production mode.'[39m
IE 11.0.0 (Windows 8.1.0.0) LOG: [36m'Angular is running in the development mode. Call enableProdMode() to enable the production mode.'[39m
..................................................
IE 11.0.0 (Windows 8.1.0.0) LOG: [36m'Angular is running in the development mode. Call enableProdMode() to enable the production mode.'[39m
..................................................
IE 11.0.0 (Windows 8.1.0.0) LOG: [36m'Angular is running in the development mode. Call enableProdMode() to enable the production mode.'[39m
................................................................................
................................................................................
................................................................................
................................................................................
................................................................................
................................................................................
....................[33m07 01 2019 23:08:50.930:WARN [web-server]: [39m404: /bad/path/404.html
............................................................
................................................................................
................................................................................
................................................................................
................................................................................
................................................................................
................................................................................
...................................
Chrome 72.0.3626 (Windows 7.0.0): Executed 6064 of 0 (skipped 15)[32m SUCCESS[39m (1 min 49.43 secs / 50.053 secs)
................................................................................
................................................................................
................................................................................
................................................................................
................................................................................
..........................
Chrome Mobile 67.0.3396 (Android 7.1.1): Executed 6062 of 6077 (skipped 15)[32m SUCCESS[39m (1 min 13.144 secs / 59.468 secs)
................................................................................
................................................................................
................................................................................
................................................................................
................................................................................
................................................................................
................................................................................
................................................................................
................................................................................
................................................................................
................................................................................
...................................................................
Chrome Mobile 67.0.3396 (Android 6.0.0) LOG: [36m'Angular is running in the development mode. Call enableProdMode() to enable the production mode.'[39m
IE 11.0.0 (Windows 8.1.0.0) LOG: [36m'Angular is running in the development mode. Call enableProdMode() to enable the production mode.'[39m
................................................................................
......................................................................
Chrome Mobile 67.0.3396 (Android 6.0.0) LOG: [36m'Angular is running in the development mode. Call enableProdMode() to enable the production mode.'[39m
..................................................
IE 11.0.0 (Windows 8.1.0.0) WARN: [36m'Asset-group 'test' in 'ngsw-config.json' uses the 'versionedFiles' option.
As of v6 'versionedFiles' and 'files' options have the same behavior. Use 'files' instead.'[39m
[33m07 01 2019 23:08:59.079:WARN [web-server]: [39m404: /bad/path/404.html
................................................................................
......................................................................
Firefox 60.0.0 (Windows 7.0.0) LOG: [36m'ran 41947 change detection cycles'[39m
Firefox 60.0.0 (Windows 7.0.0) LOG: [36m'0.01 ms per check'[39m
..................................................
Chrome Mobile 67.0.3396 (Android 6.0.0) LOG: [36m'Angular is running in the development mode. Call enableProdMode() to enable the production mode.'[39m
Chrome Mobile 67.0.3396 (Android 6.0.0) LOG: [36m'Angular is running in the development mode. Call enableProdMode() to enable the production mode.'[39m
Firefox 60.0.0 (Windows 7.0.0) LOG: [36m'ran 42693 change detection cycles'[39m
Firefox 60.0.0 (Windows 7.0.0) LOG: [36m'0.01 ms per check'[39m
................
Firefox 60.0.0 (Windows 7.0.0): Executed 6051 of 6066[31m (1 FAILED)[39m (skipped 15) (1 min 52.258 secs / 1 min 32.057 secs)
.................................................
IE 10.0.0 (Windows 8.0.0) LOG: [36m'Angular is running in the development mode. Call enableProdMode() to enable the production mode.'[39m
..................................................
IE 11.0.0 (Windows 8.1.0.0) WARN: [36m'WARNING: sanitizing unsafe URL value "http://server" (see http://g.co/ng/security#xss)'[39m
IE 11.0.0 (Windows 8.1.0.0) WARN: [36m'WARNING: sanitizing unsafe style value url("http://server") (see http://g.co/ng/security#xss).'[39m
IE 11.0.0 (Windows 8.1.0.0) WARN: [36m'WARNING: sanitizing unsafe URL value javascript:true (see http://g.co/ng/security#xss)'[39m
IE 11.0.0 (Windows 8.1.0.0) WARN: [36m'WARNING: sanitizing unsafe URL value javascript:true (see http://g.co/ng/security#xss)'[39m
Chrome Mobile 67.0.3396 (Android 6.0.0) LOG: [36m'Angular is running in the development mode. Call enableProdMode() to enable the production mode.'[39m
..................................................
Chrome Mobile 67.0.3396 (Android 6.0.0) LOG: [36m'Angular is running in the development mode. Call enableProdMode() to enable the production mode.'[39m
................................................................................
................................................................................
................................................................................
................................................................................
................................................................................
IE 11.0.0 (Windows 8.1.0.0) WARN: [36m'WARNING: sanitizing HTML stripped some content (see http://g.co/ng/security#xss).'[39m
..................................................
IE 11.0.0 (Windows 8.1.0.0) WARN: [36m'WARNING: sanitizing HTML stripped some content (see http://g.co/ng/security#xss).'[39m
IE 11.0.0 (Windows 8.1.0.0) WARN: [36m'WARNING: sanitizing HTML stripped some content (see http://g.co/ng/security#xss).'[39m
IE 11.0.0 (Windows 8.1.0.0) WARN: [36m'WARNING: sanitizing unsafe URL value javascript:alert(1) (see http://g.co/ng/security#xss)'[39m
IE 11.0.0 (Windows 8.1.0.0) WARN: [36m'WARNING: sanitizing unsafe URL value javascript:alert(1) (see http://g.co/ng/security#xss)'[39m
IE 11.0.0 (Windows 8.1.0.0) WARN: [36m'WARNING: sanitizing unsafe style value url(javascript:evil()) (see http://g.co/ng/security#xss).'[39m
IE 11.0.0 (Windows 8.1.0.0) WARN: [36m'WARNING: sanitizing unsafe URL value javascript:alert(1) (see http://g.co/ng/security#xss)'[39m
IE 11.0.0 (Windows 8.1.0.0) WARN: [36m'WARNING: sanitizing unsafe URL value javascript:alert(1) (see http://g.co/ng/security#xss)'[39m
................................................................................
................................................................................
................................................................................
................................................................................
................................................................................
................................................................................
................................................................................
................................................................................
................................................................................
................................................................................
................................................................................
................................................................................
................................................................................
................................................................................
................................................................................
................................................................................
................................................................................
................................................................................
................................................................................
................................................................................
...............................................
IE 11.0.0 (Windows 8.1.0.0) WARN: [36m'WARNING: sanitizing unsafe URL value javascript:true (see http://g.co/ng/security#xss)'[39m
IE 11.0.0 (Windows 8.1.0.0) WARN: [36m'WARNING: sanitizing unsafe URL value javascript:true (see http://g.co/ng/security#xss)'[39m
IE 11.0.0 (Windows 8.1.0.0) WARN: [36m'WARNING: sanitizing unsafe URL value javascript:true (see http://g.co/ng/security#xss)'[39m
IE 11.0.0 (Windows 8.1.0.0) WARN: [36m'WARNING: sanitizing unsafe URL value javascript:true (see http://g.co/ng/security#xss)'[39m
IE 11.0.0 (Windows 8.1.0.0) WARN: [36m'WARNING: sanitizing unsafe URL value javascript:true (see http://g.co/ng/security#xss)'[39m
IE 11.0.0 (Windows 8.1.0.0) WARN: [36m'WARNING: sanitizing unsafe URL value javascript:true (see http://g.co/ng/security#xss)'[39m
IE 11.0.0 (Windows 8.1.0.0) WARN: [36m'WARNING: sanitizing unsafe URL value "http://server" (see http://g.co/ng/security#xss)'[39m
IE 11.0.0 (Windows 8.1.0.0) WARN: [36m'WARNING: sanitizing unsafe style value url("http://server") (see http://g.co/ng/security#xss).'[39m
IE 11.0.0 (Windows 8.1.0.0) WARN: [36m'WARNING: sanitizing unsafe URL value "http://server" (see http://g.co/ng/security#xss)'[39m
IE 11.0.0 (Windows 8.1.0.0) WARN: [36m'WARNING: sanitizing unsafe style value url("http://server") (see http://g.co/ng/security#xss).'[39m
IE 11.0.0 (Windows 8.1.0.0) WARN: [36m'WARNING: sanitizing unsafe URL value "http://server" (see http://g.co/ng/security#xss)'[39m
IE 11.0.0 (Windows 8.1.0.0) WARN: [36m'WARNING: sanitizing unsafe style value url("http://server") (see http://g.co/ng/security#xss).'[39m
................................................................................
................................................................................
................................................................................
................................................................................
................................................................................
................................................................................
................................................................................
................................................................................
................................................................................
.........................................................................
IE 10.0.0 (Windows 8.0.0) WARN: [36m'WARNING: sanitizing unsafe URL value javascript:true (see http://g.co/ng/security#xss)'[39m
IE 10.0.0 (Windows 8.0.0) WARN: [36m'WARNING: sanitizing unsafe URL value javascript:true (see http://g.co/ng/security#xss)'[39m
IE 10.0.0 (Windows 8.0.0) WARN: [36m'WARNING: sanitizing unsafe URL value javascript:true (see http://g.co/ng/security#xss)'[39m
IE 10.0.0 (Windows 8.0.0) WARN: [36m'WARNING: sanitizing unsafe URL value javascript:true (see http://g.co/ng/security#xss)'[39m
IE 10.0.0 (Windows 8.0.0) WARN: [36m'WARNING: sanitizing unsafe URL value javascript:true (see http://g.co/ng/security#xss)'[39m
IE 10.0.0 (Windows 8.0.0) WARN: [36m'WARNING: sanitizing unsafe URL value javascript:true (see http://g.co/ng/security#xss)'[39m
IE 10.0.0 (Windows 8.0.0) WARN: [36m'WARNING: sanitizing unsafe URL value "http://server" (see http://g.co/ng/security#xss)'[39m
IE 10.0.0 (Windows 8.0.0) WARN: [36m'WARNING: sanitizing unsafe style value url("http://server") (see http://g.co/ng/security#xss).'[39m
IE 10.0.0 (Windows 8.0.0) WARN: [36m'WARNING: sanitizing unsafe URL value "http://server" (see http://g.co/ng/security#xss)'[39m
IE 10.0.0 (Windows 8.0.0) WARN: [36m'WARNING: sanitizing unsafe style value url("http://server") (see http://g.co/ng/security#xss).'[39m
IE 10.0.0 (Windows 8.0.0) WARN: [36m'WARNING: sanitizing unsafe URL value "http://server" (see http://g.co/ng/security#xss)'[39m
IE 10.0.0 (Windows 8.0.0) WARN: [36m'WARNING: sanitizing unsafe style value url("http://server") (see http://g.co/ng/security#xss).'[39m
................................................................................
................................................................................
................................................................................
................................................................................
................................................................................
................................................................................
................................................................................
................................................................................
............................................................
IE 10.0.0 (Windows 8.0.0) LOG: [36m'Angular is running in the development mode. Call enableProdMode() to enable the production mode.'[39m
IE 10.0.0 (Windows 8.0.0) LOG: [36m'Angular is running in the development mode. Call enableProdMode() to enable the production mode.'[39m
IE 10.0.0 (Windows 8.0.0) LOG: [36m'Angular is running in the development mode. Call enableProdMode() to enable the production mode.'[39m
IE 10.0.0 (Windows 8.0.0) LOG: [36m'Angular is running in the development mode. Call enableProdMode() to enable the production mode.'[39m
IE 10.0.0 (Windows 8.0.0) LOG: [36m'Angular is running in the development mode. Call enableProdMode() to enable the production mode.'[39m
IE 10.0.0 (Windows 8.0.0) LOG: [36m'Angular is running in the development mode. Call enableProdMode() to enable the production mode.'[39m
................................................................................
................................................................................
................................................................................
................................................................................
................................................................................
................................................................................
................................................................................
................................................................................
................................................................................
................................................................................
................................................................................
................................................................................
................................................................................
.......................................................
Chrome Mobile 67.0.3396 (Android 6.0.0) WARN: [36m'I18n comments are deprecated, use an <ng-container> element instead (ng:///DynamicTestModule/I18nComponent.html@33:0)'[39m
IE 11.0.0 (Windows 8.1.0.0) LOG: [36m'Angular is running in the development mode. Call enableProdMode() to enable the production mode.'[39m
................................................................................
................................................................................
................................................................................
...........................................................[33m07 01 2019 23:09:48.768:WARN [web-server]: [39m404: /non-existent.html
.....................
................................................................................
................................................................................
...................
IE 10.0.0 (Windows 8.0.0) LOG: [36m'Angular is running in the development mode. Call enableProdMode() to enable the production mode.'[39m
................................................................................
................................................................................
................................................................................
..........[33m07 01 2019 23:09:54.479:WARN [web-server]: [39m404: /non-existent.html
......................................................................
..............................[33m07 01 2019 23:09:56.776:WARN [web-server]: [39m404: /bad/path/404.html
.......................................
IE 11.0.0 (Windows 8.1.0.0): Executed 5974 of 5989 (skipped 15)[32m SUCCESS[39m (2 mins 46.463 secs / 2 mins 26.103 secs)
................................................................................
................................................................................
................................................................................
..........
Chrome Mobile 67.0.3396 (Android 6.0.0) WARN: [36m'WARNING: sanitizing unsafe URL value "http://server" (see http://g.co/ng/security#xss)'[39m
Chrome Mobile 67.0.3396 (Android 6.0.0) WARN: [36m'WARNING: sanitizing unsafe style value url("http://server") (see http://g.co/ng/security#xss).'[39m
..................................................
Chrome Mobile 67.0.3396 (Android 6.0.0) WARN: [36m'WARNING: sanitizing unsafe URL value javascript:true (see http://g.co/ng/security#xss)'[39m
Chrome Mobile 67.0.3396 (Android 6.0.0) WARN: [36m'WARNING: sanitizing unsafe URL value javascript:true (see http://g.co/ng/security#xss)'[39m
................................................................................
................................................................................
........................................[33m07 01 2019 23:10:07.660:WARN [web-server]: [39m404: /bad/path/404.html
.......................................
IE 10.0.0 (Windows 8.0.0): Executed 5924 of 5989 (skipped 15)[32m SUCCESS[39m (3 mins 3.61 secs / 2 mins 35.64 secs)
................................................................................
................................................................................
................................................................................
................................................................................
................................................................................
................................................................................
................................................................................
................................................................................
................................................................................
................................................................................
................................................................................
.................
Chrome Mobile 67.0.3396 (Android 6.0.0) WARN: [36m'WARNING: sanitizing unsafe URL value javascript:true (see http://g.co/ng/security#xss)'[39m
Chrome Mobile 67.0.3396 (Android 6.0.0) WARN: [36m'WARNING: sanitizing unsafe URL value javascript:true (see http://g.co/ng/security#xss)'[39m
Chrome Mobile 67.0.3396 (Android 6.0.0) WARN: [36m'WARNING: sanitizing unsafe URL value javascript:true (see http://g.co/ng/security#xss)'[39m
Chrome Mobile 67.0.3396 (Android 6.0.0) WARN: [36m'WARNING: sanitizing unsafe URL value javascript:true (see http://g.co/ng/security#xss)'[39m
Chrome Mobile 67.0.3396 (Android 6.0.0) WARN: [36m'WARNING: sanitizing unsafe URL value javascript:true (see http://g.co/ng/security#xss)'[39m
Chrome Mobile 67.0.3396 (Android 6.0.0) WARN: [36m'WARNING: sanitizing unsafe URL value javascript:true (see http://g.co/ng/security#xss)'[39m
Chrome Mobile 67.0.3396 (Android 6.0.0) WARN: [36m'WARNING: sanitizing unsafe URL value "http://server" (see http://g.co/ng/security#xss)'[39m
Chrome Mobile 67.0.3396 (Android 6.0.0) WARN: [36m'WARNING: sanitizing unsafe style value url("http://server") (see http://g.co/ng/security#xss).'[39m
Chrome Mobile 67.0.3396 (Android 6.0.0) WARN: [36m'WARNING: sanitizing unsafe URL value "http://server" (see http://g.co/ng/security#xss)'[39m
Chrome Mobile 67.0.3396 (Android 6.0.0) WARN: [36m'WARNING: sanitizing unsafe style value url("http://server") (see http://g.co/ng/security#xss).'[39m
Chrome Mobile 67.0.3396 (Android 6.0.0) WARN: [36m'WARNING: sanitizing unsafe URL value "http://server" (see http://g.co/ng/security#xss)'[39m
Chrome Mobile 67.0.3396 (Android 6.0.0) WARN: [36m'WARNING: sanitizing unsafe style value url("http://server") (see http://g.co/ng/security#xss).'[39m
................................................................................
................................................................................
................................................................................
................................................................................
................................................................................
................................................................................
................................................................................
................................................................................
................................................................................
................................................................................
................................................................................
................................................................................
................................................................................
................................................................................
................................................................................
................................................................................
................................................................................
................................................................................
................................................................................
................................................................................
................................................................................
................................................................................
................................................................................
................................................................................
................................................................................
................................................................................
.................................................................
Chrome Mobile 67.0.3396 (Android 6.0.0) LOG: [36m'Angular is running in the development mode. Call enableProdMode() to enable the production mode.'[39m
..................................................
Chrome Mobile 67.0.3396 (Android 6.0.0) LOG: [36m'ran 41098 change detection cycles'[39m
Chrome Mobile 67.0.3396 (Android 6.0.0) LOG: [36m'0.01 ms per check'[39m
Chrome Mobile 67.0.3396 (Android 6.0.0) LOG: [36m'ran 47197 change detection cycles'[39m
Chrome Mobile 67.0.3396 (Android 6.0.0) LOG: [36m'0.01 ms per check'[39m
................................................................................
................................................................................
................................................................................
................................................................................
.............................................................................
Chrome Mobile 67.0.3396 (Android 6.0.0) WARN: [36m'Asset-group 'test' in 'ngsw-config.json' uses the 'versionedFiles' option.
As of v6 'versionedFiles' and 'files' options have the same behavior. Use 'files' instead.'[39m
................................................................................
......................................................................[33m07 01 2019 23:13:56.931:WARN [web-server]: [39m404: /bad/path/404.html
..........
................................................................................
................................................................................
................................................................................
................................................................................
................................................................................
................................................................................
................................................................................
................................................................................
..................................................[33m07 01 2019 23:14:34.303:WARN [web-server]: [39m404: /non-existent.html
...........................
Chrome Mobile 67.0.3396 (Android 6.0.0): Executed 6012 of 6077 (skipped 15)[32m SUCCESS[39m (6 mins 12.457 secs / 5 mins 11.464 secs)
[31mTOTAL: 1 FAILED, 42150 SUCCESS[39m
travis_time:end:097f36a7:start=1546902400954168977,finish=1546902878157328083,duration=477203159106[0K[31;1mThe command "./scripts/ci/test.sh" exited with 1.[0m

travis_time:start:1e58084c[0K$ ./scripts/ci/angular.sh
travis_time:end:1e58084c:start=1546902878166923330,finish=1546902878177285167,duration=10361837[0K[31;1mThe command "./scripts/ci/angular.sh" exited with 1.[0m

travis_time:start:065b4b99[0K$ ./scripts/ci/cleanup.sh

travis_fold:start:scripts--ci--cleanup.sh----teardown.sauceConnect
travis_time:start:scripts--ci--cleanup.sh----teardown.sauceConnect
===> scripts/ci/cleanup.sh teardown.sauceConnect ==>==>==>==>==>==>==>==>==>==>==>==>==>==>==>==>
+(scripts/ci/env.sh:15): main(): ./scripts/sauce/sauce_connect_teardown.sh
Shutting down Sauce Connect tunnel

Sauce Connect tunnel has been shut down
+(scripts/ci/env.sh:16): main(): travisFoldEnd teardown.sauceConnect
+(scripts/ci/env.sh:31): travisFoldEnd(): set +x
<=== scripts/ci/cleanup.sh teardown.sauceConnect <==<==<==<==<==<==<==<==<==<==<==<==<==<==<==<==

travis_time:end:scripts--ci--cleanup.sh----teardown.sauceConnect:start=1546902878194846755,finish=1546902878233854754,duration=39007999
travis_fold:end:scripts--ci--cleanup.sh----teardown.sauceConnect

<=== scripts/ci/cleanup.sh <==<==<==<==<==<==<==<==<==<==<==<==<==<==<==<==<==<==<==<==<==<==<==<=
<==<==<==<==<==<==<==<==<==<==<==<==<==<==<==<==<==<==<==<==<==<==<==<==<==<==<==<==<==<==<==<==<===

travis_time:end:065b4b99:start=1546902878186236290,finish=1546902878241776533,duration=55540243[0K[32;1mThe command "./scripts/ci/cleanup.sh" exited with 0.[0m

travis_time:start:08d15956[0K$ ./scripts/ci/print-logs.sh

travis_fold:start:scripts--ci--print-logs.sh----print--log--file------tmp--angular-build--logs--build-perf.log
travis_time:start:scripts--ci--print-logs.sh----print--log--file------tmp--angular-build--logs--build-perf.log
===> scripts/ci/print-logs.sh print log file: /tmp/angular-build/logs/build-perf.log ==>==>==>==>
+(scripts/ci/env.sh:12): main(): cat /tmp/angular-build/logs/build-perf.log
     3s : scripts/ci/install.sh  install-yarn
     2s : scripts/ci/install.sh  yarn-install
     1s : scripts/ci/install.sh  install-sauceConnect
    20s : scripts/ci/build.sh  tsc tools
    94s : scripts/ci/build.sh  tsc all
     0s : scripts/ci/cleanup.sh  teardown.sauceConnect
+(scripts/ci/env.sh:13): main(): travisFoldEnd 'print log file: /tmp/angular-build/logs/build-perf.log'
+(scripts/ci/env.sh:31): travisFoldEnd(): set +x
<=== scripts/ci/print-logs.sh print log file: /tmp/angular-build/logs/build-perf.log <==<==<==<==

travis_time:end:scripts--ci--print-logs.sh----print--log--file------tmp--angular-build--logs--build-perf.log:start=1546902878259608889,finish=1546902878265592945,duration=5984056
travis_fold:end:scripts--ci--print-logs.sh----print--log--file------tmp--angular-build--logs--build-perf.log

<=== scripts/ci/print-logs.sh <==<==<==<==<==<==<==<==<==<==<==<==<==<==<==<==<==<==<==<==<==<==<=
<==<==<==<==<==<==<==<==<==<==<==<==<==<==<==<==<==<==<==<==<==<==<==<==<==<==<==<==<==<==<==<==<===

travis_time:end:08d15956:start=1546902878251173659,finish=1546902878273302308,duration=22128649[0K[32;1mThe command "./scripts/ci/print-logs.sh" exited with 0.[0m

travis_fold:start:cache.2[0Kstore build cache
travis_time:start:0248cf88[0Ktravis_time:end:0248cf88:start=1546902878281652239,finish=1546902878287235309,duration=5583070[0Ktravis_time:start:200c2b00[0K[32;1mnothing changed, not updating cache[0m
travis_time:end:200c2b00:start=1546902878296100075,finish=1546902894433232183,duration=16137132108[0Ktravis_fold:end:cache.2[0K

Done. Your build exited with 1.
